Log file open, 02/13/22 13:10:51
LogWindows: Failed to load 'aqProf.dll' (GetLastError=126)
LogWindows: File 'aqProf.dll' does not exist
LogWindows: Failed to load 'VtuneApi.dll' (GetLastError=126)
LogWindows: File 'VtuneApi.dll' does not exist
LogWindows: Failed to load 'VtuneApi32e.dll' (GetLastError=126)
LogWindows: File 'VtuneApi32e.dll' does not exist
LogConsoleResponse: Display: Failed to find resolution value strings in scalability ini. Falling back to default.
LogConsoleResponse: Display: Failed to find resolution value strings in scalability ini. Falling back to default.
LogInit: Display: Running engine for game: InfiniteMatrix
LogPlatformFile: Not using cached read wrapper
LogTaskGraph: Started task graph with 5 named threads and 35 total threads with 3 sets of task threads.
LogStats: Stats thread started at 0.346299
LogICUInternationalization: ICU TimeZone Detection - Raw Offset: -6:00, Platform Override: ''
LogInit: Display: Loading text-based GConfig....
LogPluginManager: Mounting plugin MeshPainting
LogPluginManager: Mounting plugin XGEController
LogPluginManager: Mounting plugin Paper2D
LogPluginManager: Mounting plugin AISupport
LogPluginManager: Mounting plugin EnvironmentQueryEditor
LogPluginManager: Mounting plugin LiveLink
LogPluginManager: Mounting plugin LightPropagationVolume
LogPluginManager: Mounting plugin CameraShakePreviewer
LogPluginManager: Mounting plugin GameplayCameras
LogPluginManager: Mounting plugin OodleData
LogPluginManager: Mounting plugin OodleNetwork
LogPluginManager: Mounting plugin AnimationSharing
LogPluginManager: Mounting plugin CLionSourceCodeAccess
LogPluginManager: Mounting plugin CodeLiteSourceCodeAccess
LogPluginManager: Mounting plugin GitSourceControl
LogPluginManager: Mounting plugin KDevelopSourceCodeAccess
LogPluginManager: Mounting plugin NullSourceCodeAccess
LogPluginManager: Mounting plugin PerforceSourceControl
LogPluginManager: Mounting plugin PixWinPlugin
LogPluginManager: Mounting plugin PlasticSourceControl
LogPluginManager: Mounting plugin PluginUtils
LogPluginManager: Mounting plugin PropertyAccessNode
LogPluginManager: Mounting plugin RiderSourceCodeAccess
LogPluginManager: Mounting plugin SubversionSourceControl
LogPluginManager: Mounting plugin TextureFormatOodle
LogPluginManager: Mounting plugin UObjectPlugin
LogPluginManager: Mounting plugin VisualStudioCodeSourceCodeAccess
LogPluginManager: Mounting plugin VisualStudioSourceCodeAccess
LogPluginManager: Mounting plugin XCodeSourceCodeAccess
LogPluginManager: Mounting plugin AssetManagerEditor
LogPluginManager: Mounting plugin CryptoKeys
LogPluginManager: Mounting plugin CurveEditorTools
LogPluginManager: Mounting plugin DataValidation
LogPluginManager: Mounting plugin FacialAnimation
LogPluginManager: Mounting plugin GameplayTagsEditor
LogPluginManager: Mounting plugin GeometryMode
LogPluginManager: Mounting plugin MacGraphicsSwitching
LogPluginManager: Mounting plugin MaterialAnalyzer
LogPluginManager: Mounting plugin MobileLauncherProfileWizard
LogPluginManager: Mounting plugin PluginBrowser
LogPluginManager: Mounting plugin SpeedTreeImporter
LogPluginManager: Mounting plugin DatasmithContent
LogPluginManager: Mounting plugin VariantManagerContent
LogPluginManager: Mounting plugin AlembicImporter
LogPluginManager: Mounting plugin AutomationUtils
LogPluginManager: Mounting plugin BackChannel
LogPluginManager: Mounting plugin ChaosCloth
LogPluginManager: Mounting plugin ChaosClothEditor
LogPluginManager: Mounting plugin ChaosEditor
LogPluginManager: Mounting plugin ChaosNiagara
LogPluginManager: Mounting plugin ChaosSolverPlugin
LogPluginManager: Mounting plugin CharacterAI
LogPluginManager: Mounting plugin GeometryCache
LogPluginManager: Mounting plugin GeometryCollectionPlugin
LogPluginManager: Mounting plugin GeometryProcessing
LogPluginManager: Mounting plugin MotoSynth
LogPluginManager: Mounting plugin OpenImageDenoise
LogPluginManager: Mounting plugin PlanarCut
LogPluginManager: Mounting plugin PlatformCrypto
LogPluginManager: Mounting plugin ProxyLODPlugin
LogPluginManager: Mounting plugin PythonScriptPlugin
LogPluginManager: Mounting plugin SkeletalReduction
LogPluginManager: Mounting plugin Niagara
LogPluginManager: Mounting plugin LuminPlatformFeatures
LogPluginManager: Mounting plugin MagicLeap
LogPluginManager: Mounting plugin MagicLeapLightEstimation
LogPluginManager: Mounting plugin MagicLeapMedia
LogPluginManager: Mounting plugin MagicLeapPassableWorld
LogPluginManager: Mounting plugin MLSDK
LogPluginManager: Mounting plugin TcpMessaging
LogPluginManager: Mounting plugin UdpMessaging
LogPluginManager: Mounting plugin ActorSequence
LogPluginManager: Mounting plugin LevelSequenceEditor
LogPluginManager: Mounting plugin MatineeToLevelSequence
LogPluginManager: Mounting plugin TemplateSequence
LogPluginManager: Mounting plugin OnlineSubsystem
LogPluginManager: Mounting plugin OnlineSubsystemNull
LogPluginManager: Mounting plugin OnlineSubsystemUtils
LogPluginManager: Mounting plugin LauncherChunkInstaller
LogPluginManager: Mounting plugin ActorLayerUtilities
LogPluginManager: Mounting plugin AndroidDeviceProfileSelector
LogPluginManager: Mounting plugin AndroidMoviePlayer
LogPluginManager: Mounting plugin AndroidPermission
LogPluginManager: Mounting plugin AppleImageUtils
LogPluginManager: Mounting plugin AppleMoviePlayer
LogPluginManager: Mounting plugin ArchVisCharacter
LogPluginManager: Mounting plugin AssetTags
LogPluginManager: Mounting plugin AudioCapture
LogPluginManager: Mounting plugin AudioSynesthesia
LogPluginManager: Mounting plugin CableComponent
LogPluginManager: Mounting plugin ChunkDownloader
LogPluginManager: Mounting plugin CustomMeshComponent
LogPluginManager: Mounting plugin EditableMesh
LogPluginManager: Mounting plugin ExampleDeviceProfileSelector
LogPluginManager: Mounting plugin GoogleCloudMessaging
LogPluginManager: Mounting plugin GooglePAD
LogPluginManager: Mounting plugin IOSDeviceProfileSelector
LogPluginManager: Mounting plugin LinuxDeviceProfileSelector
LogPluginManager: Mounting plugin LocationServicesBPLibrary
LogPluginManager: Mounting plugin MobilePatchingUtils
LogPluginManager: Mounting plugin OpenXR
LogPluginManager: Mounting plugin OpenXREyeTracker
LogPluginManager: Mounting plugin OpenXRHandTracking
LogPluginManager: Mounting plugin PhysXVehicles
LogPluginManager: Mounting plugin PostSplashScreen
LogPluginManager: Mounting plugin ProceduralMeshComponent
LogPluginManager: Mounting plugin PropertyAccessEditor
LogPluginManager: Mounting plugin RuntimePhysXCooking
LogPluginManager: Mounting plugin SignificanceManager
LogPluginManager: Mounting plugin SoundFields
LogPluginManager: Mounting plugin Synthesis
LogPluginManager: Mounting plugin WebMMoviePlayer
LogPluginManager: Mounting plugin WindowsMoviePlayer
LogPluginManager: Mounting plugin ScreenshotTools
LogPluginManager: Mounting plugin Takes
LogPluginManager: Mounting plugin AndroidMedia
LogPluginManager: Mounting plugin AvfMedia
LogPluginManager: Mounting plugin ImgMedia
LogPluginManager: Mounting plugin MediaCompositing
LogPluginManager: Mounting plugin MediaPlayerEditor
LogPluginManager: Mounting plugin WmfMedia
LogPluginManager: Mounting plugin WebMMedia
LogPluginManager: Mounting plugin ContentBrowserAssetDataSource
LogPluginManager: Mounting plugin ContentBrowserClassDataSource
LogPluginManager: Mounting plugin ContentBrowserFileDataSource
LogPluginManager: Mounting plugin OnlineSubsystemGooglePlay
LogPluginManager: Mounting plugin OnlineSubsystemIOS
LogPluginManager: Mounting plugin OculusVR
LogPluginManager: Mounting plugin SteamVR
PixWinPlugin: PIX capture plugin failed to initialize! Check that the process is launched from PIX.
LogInit: Using libcurl 7.55.1-DEV
LogInit:  - built for x86_64-pc-win32
LogInit:  - supports SSL with OpenSSL/1.1.1
LogInit:  - supports HTTP deflate (compression) using libz 1.2.8
LogInit:  - other features:
LogInit:      CURL_VERSION_SSL
LogInit:      CURL_VERSION_LIBZ
LogInit:      CURL_VERSION_IPV6
LogInit:      CURL_VERSION_ASYNCHDNS
LogInit:      CURL_VERSION_LARGEFILE
LogInit:      CURL_VERSION_IDN
LogInit:  CurlRequestOptions (configurable via config and command line):
LogInit:  - bVerifyPeer = true  - Libcurl will verify peer certificate
LogInit:  - bUseHttpProxy = false  - Libcurl will NOT use HTTP proxy
LogInit:  - bDontReuseConnections = false  - Libcurl will reuse connections
LogInit:  - MaxHostConnections = 16  - Libcurl will limit the number of connections to a host
LogInit:  - LocalHostAddr = Default
LogInit:  - BufferSize = 65536
LogOnline: OSS: Creating online subsystem instance for: NULL
LogInit: WinSock: version 1.1 (2.2), MaxSocks=32767, MaxUdp=65467
LogOnline: OSS: TryLoadSubsystemAndSetDefault: Loaded subsystem for module [NULL]
LogOculusPluginWrapper: OculusPlugin initialized successfully
LogHMD: Failed initializing OVRPlugin 1.59.0
LogInit: Build: ++UE4+Release-4.27-CL-18319896
LogInit: Engine Version: 4.27.2-18319896+++UE4+Release-4.27
LogInit: Compatible Engine Version: 4.27.0-17155196+++UE4+Release-4.27
LogInit: Net CL: 17155196
LogInit: OS: Windows 10 (Release 2009) (), CPU: Intel(R) Core(TM) i7-8750H CPU @ 2.20GHz, GPU: Intel(R) UHD Graphics 630
LogInit: Compiled (64-bit): Nov 30 2021 07:12:08
LogInit: Compiled with Visual C++: 19.24.28315.00
LogInit: Build Configuration: Development
LogInit: Branch Name: ++UE4+Release-4.27
LogInit: Command Line:  -EpicPortal -epicusername=nullpoint_r -epicuserid=06e025e08be04e738d1085bdd9ec487d -epiclocale=en -epicsandboxid=ue
LogInit: Base Directory: D:/GameDev/UE_4.27/Engine/Binaries/Win64/
LogInit: Allocator: TBB
LogInit: Installed Engine Build: 1
LogDevObjectVersion: Number of dev versions registered: 29
LogDevObjectVersion:   Dev-Blueprints (B0D832E4-1F89-4F0D-ACCF-7EB736FD4AA2): 10
LogDevObjectVersion:   Dev-Build (E1C64328-A22C-4D53-A36C-8E866417BD8C): 0
LogDevObjectVersion:   Dev-Core (375EC13C-06E4-48FB-B500-84F0262A717E): 4
LogDevObjectVersion:   Dev-Editor (E4B068ED-F494-42E9-A231-DA0B2E46BB41): 40
LogDevObjectVersion:   Dev-Framework (CFFC743F-43B0-4480-9391-14DF171D2073): 37
LogDevObjectVersion:   Dev-Mobile (B02B49B5-BB20-44E9-A304-32B752E40360): 3
LogDevObjectVersion:   Dev-Networking (A4E4105C-59A1-49B5-A7C5-40C4547EDFEE): 0
LogDevObjectVersion:   Dev-Online (39C831C9-5AE6-47DC-9A44-9C173E1C8E7C): 0
LogDevObjectVersion:   Dev-Physics (78F01B33-EBEA-4F98-B9B4-84EACCB95AA2): 14
LogDevObjectVersion:   Dev-Platform (6631380F-2D4D-43E0-8009-CF276956A95A): 0
LogDevObjectVersion:   Dev-Rendering (12F88B9F-8875-4AFC-A67C-D90C383ABD29): 45
LogDevObjectVersion:   Dev-Sequencer (7B5AE74C-D270-4C10-A958-57980B212A5A): 13
LogDevObjectVersion:   Dev-VR (D7296918-1DD6-4BDD-9DE2-64A83CC13884): 3
LogDevObjectVersion:   Dev-LoadTimes (C2A15278-BFE7-4AFE-6C17-90FF531DF755): 1
LogDevObjectVersion:   Private-Geometry (6EACA3D4-40EC-4CC1-B786-8BED09428FC5): 3
LogDevObjectVersion:   Dev-AnimPhys (29E575DD-E0A3-4627-9D10-D276232CDCEA): 17
LogDevObjectVersion:   Dev-Anim (AF43A65D-7FD3-4947-9873-3E8ED9C1BB05): 15
LogDevObjectVersion:   Dev-ReflectionCapture (6B266CEC-1EC7-4B8F-A30B-E4D90942FC07): 1
LogDevObjectVersion:   Dev-Automation (0DF73D61-A23F-47EA-B727-89E90C41499A): 1
LogDevObjectVersion:   FortniteMain (601D1886-AC64-4F84-AA16-D3DE0DEAC7D6): 47
LogDevObjectVersion:   FortniteRelease (E7086368-6B23-4C58-8439-1B7016265E91): 1
LogDevObjectVersion:   Dev-Enterprise (9DFFBCD6-494F-0158-E221-12823C92A888): 10
LogDevObjectVersion:   Dev-Niagara (F2AED0AC-9AFE-416F-8664-AA7FFA26D6FC): 1
LogDevObjectVersion:   Dev-Destruction (174F1F0B-B4C6-45A5-B13F-2EE8D0FB917D): 10
LogDevObjectVersion:   Dev-Physics-Ext (35F94A83-E258-406C-A318-09F59610247C): 41
LogDevObjectVersion:   Dev-PhysicsMaterial-Chaos (B68FC16E-8B1B-42E2-B453-215C058844FE): 1
LogDevObjectVersion:   Dev-CineCamera (B2E18506-4273-CFC2-A54E-F4BB758BBA07): 1
LogDevObjectVersion:   Dev-VirtualProduction (64F58936-FD1B-42BA-BA96-7289D5D0FA4E): 1
LogDevObjectVersion:   Dev-MediaFramework (6F0ED827-A609-4895-9C91-998D90180EA4): 2
LogInit: Presizing for max 25165824 objects, including 0 objects not considered by GC, pre-allocating 0 bytes for permanent pool.
LogConfig: Applying CVar settings from Section [/Script/Engine.StreamingSettings] File [D:/GameDev/Unreal Projects/InfiniteMatrixStarter/Saved/Config/Windows/Engine.ini]
LogConfig: Setting CVar [[s.MinBulkDataSizeForAsyncLoading:131072]]
LogConfig: Setting CVar [[s.AsyncLoadingThreadEnabled:0]]
LogConfig: Setting CVar [[s.EventDrivenLoaderEnabled:1]]
LogConfig: Setting CVar [[s.WarnIfTimeLimitExceeded:0]]
LogConfig: Setting CVar [[s.TimeLimitExceededMultiplier:1.5]]
LogConfig: Setting CVar [[s.TimeLimitExceededMinTime:0.005]]
LogConfig: Setting CVar [[s.UseBackgroundLevelStreaming:1]]
LogConfig: Setting CVar [[s.PriorityAsyncLoadingExtraTime:15.0]]
LogConfig: Setting CVar [[s.LevelStreamingActorsUpdateTimeLimit:5.0]]
LogConfig: Setting CVar [[s.PriorityLevelStreamingActorsUpdateExtraTime:5.0]]
LogConfig: Setting CVar [[s.LevelStreamingComponentsRegistrationGranularity:10]]
LogConfig: Setting CVar [[s.UnregisterComponentsTimeLimit:1.0]]
LogConfig: Setting CVar [[s.LevelStreamingComponentsUnregistrationGranularity:5]]
LogConfig: Setting CVar [[s.FlushStreamingOnExit:1]]
LogInit: Object subsystem initialized
LogConfig: Setting CVar [[con.DebugEarlyDefault:1]]
LogConfig: Setting CVar [[r.setres:1280x720]]
[2022.02.13-19.10.52:511][  0]LogConfig: Setting CVar [[r.VSync:0]]
[2022.02.13-19.10.52:511][  0]LogConfig: Setting CVar [[r.RHICmdBypass:0]]
[2022.02.13-19.10.52:511][  0]LogConfig: Applying CVar settings from Section [/Script/Engine.RendererSettings] File [D:/GameDev/Unreal Projects/InfiniteMatrixStarter/Saved/Config/Windows/Engine.ini]
[2022.02.13-19.10.52:511][  0]LogConfig: Setting CVar [[r.GPUCrashDebugging:0]]
[2022.02.13-19.10.52:511][  0]LogConfig: Applying CVar settings from Section [/Script/Engine.RendererOverrideSettings] File [D:/GameDev/Unreal Projects/InfiniteMatrixStarter/Saved/Config/Windows/Engine.ini]
[2022.02.13-19.10.52:511][  0]LogConfig: Applying CVar settings from Section [/Script/Engine.StreamingSettings] File [D:/GameDev/Unreal Projects/InfiniteMatrixStarter/Saved/Config/Windows/Engine.ini]
[2022.02.13-19.10.52:511][  0]LogConfig: Setting CVar [[s.MinBulkDataSizeForAsyncLoading:131072]]
[2022.02.13-19.10.52:511][  0]LogConfig: Setting CVar [[s.AsyncLoadingThreadEnabled:0]]
[2022.02.13-19.10.52:511][  0]LogConfig: Setting CVar [[s.EventDrivenLoaderEnabled:1]]
[2022.02.13-19.10.52:511][  0]LogConfig: Setting CVar [[s.WarnIfTimeLimitExceeded:0]]
[2022.02.13-19.10.52:511][  0]LogConfig: Setting CVar [[s.TimeLimitExceededMultiplier:1.5]]
[2022.02.13-19.10.52:511][  0]LogConfig: Setting CVar [[s.TimeLimitExceededMinTime:0.005]]
[2022.02.13-19.10.52:511][  0]LogConfig: Setting CVar [[s.UseBackgroundLevelStreaming:1]]
[2022.02.13-19.10.52:511][  0]LogConfig: Setting CVar [[s.PriorityAsyncLoadingExtraTime:15.0]]
[2022.02.13-19.10.52:511][  0]LogConfig: Setting CVar [[s.LevelStreamingActorsUpdateTimeLimit:5.0]]
[2022.02.13-19.10.52:511][  0]LogConfig: Setting CVar [[s.PriorityLevelStreamingActorsUpdateExtraTime:5.0]]
[2022.02.13-19.10.52:511][  0]LogConfig: Setting CVar [[s.LevelStreamingComponentsRegistrationGranularity:10]]
[2022.02.13-19.10.52:511][  0]LogConfig: Setting CVar [[s.UnregisterComponentsTimeLimit:1.0]]
[2022.02.13-19.10.52:511][  0]LogConfig: Setting CVar [[s.LevelStreamingComponentsUnregistrationGranularity:5]]
[2022.02.13-19.10.52:511][  0]LogConfig: Setting CVar [[s.FlushStreamingOnExit:1]]
[2022.02.13-19.10.52:511][  0]LogConfig: Applying CVar settings from Section [/Script/Engine.GarbageCollectionSettings] File [D:/GameDev/Unreal Projects/InfiniteMatrixStarter/Saved/Config/Windows/Engine.ini]
[2022.02.13-19.10.52:511][  0]LogConfig: Setting CVar [[gc.MaxObjectsNotConsideredByGC:1]]
[2022.02.13-19.10.52:511][  0]LogConfig: Setting CVar [[gc.SizeOfPermanentObjectPool:0]]
[2022.02.13-19.10.52:511][  0]LogConfig: Setting CVar [[gc.FlushStreamingOnGC:0]]
[2022.02.13-19.10.52:511][  0]LogConfig: Setting CVar [[gc.NumRetriesBeforeForcingGC:10]]
[2022.02.13-19.10.52:511][  0]LogConfig: Setting CVar [[gc.AllowParallelGC:1]]
[2022.02.13-19.10.52:511][  0]LogConfig: Setting CVar [[gc.TimeBetweenPurgingPendingKillObjects:61.1]]
[2022.02.13-19.10.52:511][  0]LogConfig: Setting CVar [[gc.MaxObjectsInEditor:25165824]]
[2022.02.13-19.10.52:511][  0]LogConfig: Setting CVar [[gc.IncrementalBeginDestroyEnabled:1]]
[2022.02.13-19.10.52:511][  0]LogConfig: Setting CVar [[gc.CreateGCClusters:1]]
[2022.02.13-19.10.52:511][  0]LogConfig: Setting CVar [[gc.MinGCClusterSize:5]]
[2022.02.13-19.10.52:511][  0]LogConfig: Setting CVar [[gc.ActorClusteringEnabled:0]]
[2022.02.13-19.10.52:511][  0]LogConfig: Setting CVar [[gc.BlueprintClusteringEnabled:0]]
[2022.02.13-19.10.52:512][  0]LogConfig: Setting CVar [[gc.UseDisregardForGCOnDedicatedServers:0]]
[2022.02.13-19.10.52:512][  0]LogConfig: Setting CVar [[gc.MultithreadedDestructionEnabled:1]]
[2022.02.13-19.10.52:512][  0]LogConfig: Applying CVar settings from Section [/Script/Engine.NetworkSettings] File [D:/GameDev/Unreal Projects/InfiniteMatrixStarter/Saved/Config/Windows/Engine.ini]
[2022.02.13-19.10.52:512][  0]LogConfig: Applying CVar settings from Section [/Script/UnrealEd.CookerSettings] File [D:/GameDev/Unreal Projects/InfiniteMatrixStarter/Saved/Config/Windows/Engine.ini]
[2022.02.13-19.10.52:529][  0]LogConfig: Applying CVar settings from Section [ViewDistanceQuality@3] File [D:/GameDev/Unreal Projects/InfiniteMatrixStarter/Saved/Config/Windows/Scalability.ini]
[2022.02.13-19.10.52:529][  0]LogConfig: Setting CVar [[r.SkeletalMeshLODBias:0]]
[2022.02.13-19.10.52:529][  0]LogConfig: Setting CVar [[r.ViewDistanceScale:1.0]]
[2022.02.13-19.10.52:529][  0]LogConfig: Applying CVar settings from Section [AntiAliasingQuality@3] File [D:/GameDev/Unreal Projects/InfiniteMatrixStarter/Saved/Config/Windows/Scalability.ini]
[2022.02.13-19.10.52:529][  0]LogConfig: Setting CVar [[r.PostProcessAAQuality:4]]
[2022.02.13-19.10.52:529][  0]LogConfig: Applying CVar settings from Section [ShadowQuality@3] File [D:/GameDev/Unreal Projects/InfiniteMatrixStarter/Saved/Config/Windows/Scalability.ini]
[2022.02.13-19.10.52:529][  0]LogConfig: Setting CVar [[r.LightFunctionQuality:1]]
[2022.02.13-19.10.52:529][  0]LogConfig: Setting CVar [[r.ShadowQuality:5]]
[2022.02.13-19.10.52:529][  0]LogConfig: Setting CVar [[r.Shadow.CSM.MaxCascades:10]]
[2022.02.13-19.10.52:529][  0]LogConfig: Setting CVar [[r.Shadow.MaxResolution:2048]]
[2022.02.13-19.10.52:529][  0]LogConfig: Setting CVar [[r.Shadow.MaxCSMResolution:2048]]
[2022.02.13-19.10.52:529][  0]LogConfig: Setting CVar [[r.Shadow.RadiusThreshold:0.01]]
[2022.02.13-19.10.52:529][  0]LogConfig: Setting CVar [[r.Shadow.DistanceScale:1.0]]
[2022.02.13-19.10.52:529][  0]LogConfig: Setting CVar [[r.Shadow.CSM.TransitionScale:1.0]]
[2022.02.13-19.10.52:529][  0]LogConfig: Setting CVar [[r.Shadow.PreShadowResolutionFactor:1.0]]
[2022.02.13-19.10.52:529][  0]LogConfig: Setting CVar [[r.DistanceFieldShadowing:1]]
[2022.02.13-19.10.52:529][  0]LogConfig: Setting CVar [[r.DistanceFieldAO:1]]
[2022.02.13-19.10.52:529][  0]LogConfig: Setting CVar [[r.AOQuality:2]]
[2022.02.13-19.10.52:529][  0]LogConfig: Setting CVar [[r.VolumetricFog:1]]
[2022.02.13-19.10.52:529][  0]LogConfig: Setting CVar [[r.VolumetricFog.GridPixelSize:8]]
[2022.02.13-19.10.52:529][  0]LogConfig: Setting CVar [[r.VolumetricFog.GridSizeZ:128]]
[2022.02.13-19.10.52:529][  0]LogConfig: Setting CVar [[r.VolumetricFog.HistoryMissSupersampleCount:4]]
[2022.02.13-19.10.52:529][  0]LogConfig: Setting CVar [[r.LightMaxDrawDistanceScale:1]]
[2022.02.13-19.10.52:529][  0]LogConfig: Setting CVar [[r.CapsuleShadows:1]]
[2022.02.13-19.10.52:529][  0]LogConfig: Applying CVar settings from Section [PostProcessQuality@3] File [D:/GameDev/Unreal Projects/InfiniteMatrixStarter/Saved/Config/Windows/Scalability.ini]
[2022.02.13-19.10.52:529][  0]LogConfig: Setting CVar [[r.MotionBlurQuality:4]]
[2022.02.13-19.10.52:529][  0]LogConfig: Setting CVar [[r.AmbientOcclusionMipLevelFactor:0.4]]
[2022.02.13-19.10.52:529][  0]LogConfig: Setting CVar [[r.AmbientOcclusionMaxQuality:100]]
[2022.02.13-19.10.52:529][  0]LogConfig: Setting CVar [[r.AmbientOcclusionLevels:-1]]
[2022.02.13-19.10.52:529][  0]LogConfig: Setting CVar [[r.AmbientOcclusionRadiusScale:1.0]]
[2022.02.13-19.10.52:529][  0]LogConfig: Setting CVar [[r.DepthOfFieldQuality:2]]
[2022.02.13-19.10.52:529][  0]LogConfig: Setting CVar [[r.RenderTargetPoolMin:400]]
[2022.02.13-19.10.52:529][  0]LogConfig: Setting CVar [[r.LensFlareQuality:2]]
[2022.02.13-19.10.52:529][  0]LogConfig: Setting CVar [[r.SceneColorFringeQuality:1]]
[2022.02.13-19.10.52:529][  0]LogConfig: Setting CVar [[r.EyeAdaptationQuality:2]]
[2022.02.13-19.10.52:529][  0]LogConfig: Setting CVar [[r.BloomQuality:5]]
[2022.02.13-19.10.52:529][  0]LogConfig: Setting CVar [[r.FastBlurThreshold:100]]
[2022.02.13-19.10.52:529][  0]LogConfig: Setting CVar [[r.Upscale.Quality:3]]
[2022.02.13-19.10.52:529][  0]LogConfig: Setting CVar [[r.Tonemapper.GrainQuantization:1]]
[2022.02.13-19.10.52:529][  0]LogConfig: Setting CVar [[r.LightShaftQuality:1]]
[2022.02.13-19.10.52:529][  0]LogConfig: Setting CVar [[r.Filter.SizeScale:1]]
[2022.02.13-19.10.52:529][  0]LogConfig: Setting CVar [[r.Tonemapper.Quality:5]]
[2022.02.13-19.10.52:529][  0]LogConfig: Setting CVar [[r.DOF.Gather.AccumulatorQuality:1        ; higher gathering accumulator quality]]
[2022.02.13-19.10.52:529][  0]LogConfig: Setting CVar [[r.DOF.Gather.PostfilterMethod:1          ; Median3x3 postfilering method]]
[2022.02.13-19.10.52:529][  0]LogConfig: Setting CVar [[r.DOF.Gather.EnableBokehSettings:0       ; no bokeh simulation when gathering]]
[2022.02.13-19.10.52:529][  0]LogConfig: Setting CVar [[r.DOF.Gather.RingCount:4                 ; medium number of samples when gathering]]
[2022.02.13-19.10.52:529][  0]LogConfig: Setting CVar [[r.DOF.Scatter.ForegroundCompositing:1    ; additive foreground scattering]]
[2022.02.13-19.10.52:529][  0]LogConfig: Setting CVar [[r.DOF.Scatter.BackgroundCompositing:2    ; additive background scattering]]
[2022.02.13-19.10.52:529][  0]LogConfig: Setting CVar [[r.DOF.Scatter.EnableBokehSettings:1      ; bokeh simulation when scattering]]
[2022.02.13-19.10.52:529][  0]LogConfig: Setting CVar [[r.DOF.Scatter.MaxSpriteRatio:0.1         ; only a maximum of 10% of scattered bokeh]]
[2022.02.13-19.10.52:530][  0]LogConfig: Setting CVar [[r.DOF.Recombine.Quality:1                ; cheap slight out of focus]]
[2022.02.13-19.10.52:530][  0]LogConfig: Setting CVar [[r.DOF.Recombine.EnableBokehSettings:0    ; no bokeh simulation on slight out of focus]]
[2022.02.13-19.10.52:530][  0]LogConfig: Setting CVar [[r.DOF.TemporalAAQuality:1                ; more stable temporal accumulation]]
[2022.02.13-19.10.52:530][  0]LogConfig: Setting CVar [[r.DOF.Kernel.MaxForegroundRadius:0.025]]
[2022.02.13-19.10.52:530][  0]LogConfig: Setting CVar [[r.DOF.Kernel.MaxBackgroundRadius:0.025]]
[2022.02.13-19.10.52:530][  0]LogConfig: Applying CVar settings from Section [TextureQuality@3] File [D:/GameDev/Unreal Projects/InfiniteMatrixStarter/Saved/Config/Windows/Scalability.ini]
[2022.02.13-19.10.52:530][  0]LogConfig: Setting CVar [[r.Streaming.MipBias:0]]
[2022.02.13-19.10.52:530][  0]LogConfig: Setting CVar [[r.Streaming.AmortizeCPUToGPUCopy:0]]
[2022.02.13-19.10.52:530][  0]LogConfig: Setting CVar [[r.Streaming.MaxNumTexturesToStreamPerFrame:0]]
[2022.02.13-19.10.52:530][  0]LogConfig: Setting CVar [[r.Streaming.Boost:1]]
[2022.02.13-19.10.52:530][  0]LogConfig: Setting CVar [[r.MaxAnisotropy:8]]
[2022.02.13-19.10.52:530][  0]LogConfig: Setting CVar [[r.VT.MaxAnisotropy:8]]
[2022.02.13-19.10.52:530][  0]LogConfig: Setting CVar [[r.Streaming.LimitPoolSizeToVRAM:0]]
[2022.02.13-19.10.52:530][  0]LogConfig: Setting CVar [[r.Streaming.PoolSize:1000]]
[2022.02.13-19.10.52:530][  0]LogConfig: Setting CVar [[r.Streaming.MaxEffectiveScreenSize:0]]
[2022.02.13-19.10.52:530][  0]LogConfig: Applying CVar settings from Section [EffectsQuality@3] File [D:/GameDev/Unreal Projects/InfiniteMatrixStarter/Saved/Config/Windows/Scalability.ini]
[2022.02.13-19.10.52:530][  0]LogConfig: Setting CVar [[r.TranslucencyLightingVolumeDim:64]]
[2022.02.13-19.10.52:530][  0]LogConfig: Setting CVar [[r.RefractionQuality:2]]
[2022.02.13-19.10.52:530][  0]LogConfig: Setting CVar [[r.SSR.Quality:3]]
[2022.02.13-19.10.52:530][  0]LogConfig: Setting CVar [[r.SSR.HalfResSceneColor:0]]
[2022.02.13-19.10.52:530][  0]LogConfig: Setting CVar [[r.SceneColorFormat:4]]
[2022.02.13-19.10.52:530][  0]LogConfig: Setting CVar [[r.DetailMode:2]]
[2022.02.13-19.10.52:530][  0]LogConfig: Setting CVar [[r.TranslucencyVolumeBlur:1]]
[2022.02.13-19.10.52:530][  0]LogConfig: Setting CVar [[r.MaterialQualityLevel:1 ; High quality]]
[2022.02.13-19.10.52:530][  0]LogConfig: Setting CVar [[r.AnisotropicMaterials:1]]
[2022.02.13-19.10.52:530][  0]LogConfig: Setting CVar [[r.SSS.Scale:1]]
[2022.02.13-19.10.52:530][  0]LogConfig: Setting CVar [[r.SSS.SampleSet:2]]
[2022.02.13-19.10.52:530][  0]LogConfig: Setting CVar [[r.SSS.Quality:1]]
[2022.02.13-19.10.52:530][  0]LogConfig: Setting CVar [[r.SSS.HalfRes:0]]
[2022.02.13-19.10.52:530][  0]LogConfig: Setting CVar [[r.SSGI.Quality:3]]
[2022.02.13-19.10.52:530][  0]LogConfig: Setting CVar [[r.EmitterSpawnRateScale:1.0]]
[2022.02.13-19.10.52:530][  0]LogConfig: Setting CVar [[r.ParticleLightQuality:2]]
[2022.02.13-19.10.52:530][  0]LogConfig: Setting CVar [[r.SkyAtmosphere.AerialPerspectiveLUT.FastApplyOnOpaque:1 ; Always have FastSkyLUT 1 in this case to avoid wrong sky]]
[2022.02.13-19.10.52:530][  0]LogConfig: Setting CVar [[r.SkyAtmosphere.AerialPerspectiveLUT.SampleCountMaxPerSlice:4]]
[2022.02.13-19.10.52:530][  0]LogConfig: Setting CVar [[r.SkyAtmosphere.AerialPerspectiveLUT.DepthResolution:16.0]]
[2022.02.13-19.10.52:530][  0]LogConfig: Setting CVar [[r.SkyAtmosphere.FastSkyLUT:1]]
[2022.02.13-19.10.52:530][  0]LogConfig: Setting CVar [[r.SkyAtmosphere.FastSkyLUT.SampleCountMin:4.0]]
[2022.02.13-19.10.52:530][  0]LogConfig: Setting CVar [[r.SkyAtmosphere.FastSkyLUT.SampleCountMax:128.0]]
[2022.02.13-19.10.52:530][  0]LogConfig: Setting CVar [[r.SkyAtmosphere.SampleCountMin:4.0]]
[2022.02.13-19.10.52:530][  0]LogConfig: Setting CVar [[r.SkyAtmosphere.SampleCountMax:128.0]]
[2022.02.13-19.10.52:530][  0]LogConfig: Setting CVar [[r.SkyAtmosphere.TransmittanceLUT.UseSmallFormat:0]]
[2022.02.13-19.10.52:530][  0]LogConfig: Setting CVar [[r.SkyAtmosphere.TransmittanceLUT.SampleCount:10.0]]
[2022.02.13-19.10.52:530][  0]LogConfig: Setting CVar [[r.SkyAtmosphere.MultiScatteringLUT.SampleCount:15.0]]
[2022.02.13-19.10.52:530][  0]LogConfig: Setting CVar [[r.SkyLight.RealTimeReflectionCapture:1]]
[2022.02.13-19.10.52:530][  0]LogConfig: Applying CVar settings from Section [FoliageQuality@3] File [D:/GameDev/Unreal Projects/InfiniteMatrixStarter/Saved/Config/Windows/Scalability.ini]
[2022.02.13-19.10.52:530][  0]LogConfig: Setting CVar [[foliage.DensityScale:1.0]]
[2022.02.13-19.10.52:530][  0]LogConfig: Setting CVar [[grass.DensityScale:1.0]]
[2022.02.13-19.10.52:530][  0]LogConfig: Applying CVar settings from Section [ShadingQuality@3] File [D:/GameDev/Unreal Projects/InfiniteMatrixStarter/Saved/Config/Windows/Scalability.ini]
[2022.02.13-19.10.52:530][  0]LogConfig: Setting CVar [[r.HairStrands.SkyLighting.IntegrationType:2]]
[2022.02.13-19.10.52:530][  0]LogConfig: Setting CVar [[r.HairStrands.SkyAO.SampleCount:4]]
[2022.02.13-19.10.52:530][  0]LogConfig: Setting CVar [[r.HairStrands.Visibility.MSAA.SamplePerPixel:4]]
[2022.02.13-19.10.52:530][  0]LogInit: Selected Device Profile: [Windows]
[2022.02.13-19.10.52:530][  0]LogInit: Applying CVar settings loaded from the selected device profile: [Windows]
[2022.02.13-19.10.52:530][  0]LogHAL: Display: Platform has ~ 16 GB [17073336320 / 17179869184 / 16], which maps to Larger [LargestMinGB=32, LargerMinGB=12, DefaultMinGB=8, SmallerMinGB=6, SmallestMinGB=0)
[2022.02.13-19.10.52:530][  0]LogInit: Going up to parent DeviceProfile []
[2022.02.13-19.10.52:530][  0]LogConfig: Applying CVar settings from Section [ViewDistanceQuality@3] File [D:/GameDev/Unreal Projects/InfiniteMatrixStarter/Saved/Config/Windows/Scalability.ini]
[2022.02.13-19.10.52:530][  0]LogConfig: Setting CVar [[r.SkeletalMeshLODBias:0]]
[2022.02.13-19.10.52:530][  0]LogConfig: Setting CVar [[r.ViewDistanceScale:1.0]]
[2022.02.13-19.10.52:530][  0]LogConfig: Applying CVar settings from Section [AntiAliasingQuality@3] File [D:/GameDev/Unreal Projects/InfiniteMatrixStarter/Saved/Config/Windows/Scalability.ini]
[2022.02.13-19.10.52:530][  0]LogConfig: Setting CVar [[r.PostProcessAAQuality:4]]
[2022.02.13-19.10.52:530][  0]LogConfig: Applying CVar settings from Section [ShadowQuality@3] File [D:/GameDev/Unreal Projects/InfiniteMatrixStarter/Saved/Config/Windows/Scalability.ini]
[2022.02.13-19.10.52:530][  0]LogConfig: Setting CVar [[r.LightFunctionQuality:1]]
[2022.02.13-19.10.52:530][  0]LogConfig: Setting CVar [[r.ShadowQuality:5]]
[2022.02.13-19.10.52:530][  0]LogConfig: Setting CVar [[r.Shadow.CSM.MaxCascades:10]]
[2022.02.13-19.10.52:530][  0]LogConfig: Setting CVar [[r.Shadow.MaxResolution:2048]]
[2022.02.13-19.10.52:530][  0]LogConfig: Setting CVar [[r.Shadow.MaxCSMResolution:2048]]
[2022.02.13-19.10.52:530][  0]LogConfig: Setting CVar [[r.Shadow.RadiusThreshold:0.01]]
[2022.02.13-19.10.52:530][  0]LogConfig: Setting CVar [[r.Shadow.DistanceScale:1.0]]
[2022.02.13-19.10.52:530][  0]LogConfig: Setting CVar [[r.Shadow.CSM.TransitionScale:1.0]]
[2022.02.13-19.10.52:530][  0]LogConfig: Setting CVar [[r.Shadow.PreShadowResolutionFactor:1.0]]
[2022.02.13-19.10.52:530][  0]LogConfig: Setting CVar [[r.DistanceFieldShadowing:1]]
[2022.02.13-19.10.52:530][  0]LogConfig: Setting CVar [[r.DistanceFieldAO:1]]
[2022.02.13-19.10.52:530][  0]LogConfig: Setting CVar [[r.AOQuality:2]]
[2022.02.13-19.10.52:530][  0]LogConfig: Setting CVar [[r.VolumetricFog:1]]
[2022.02.13-19.10.52:531][  0]LogConfig: Setting CVar [[r.VolumetricFog.GridPixelSize:8]]
[2022.02.13-19.10.52:531][  0]LogConfig: Setting CVar [[r.VolumetricFog.GridSizeZ:128]]
[2022.02.13-19.10.52:531][  0]LogConfig: Setting CVar [[r.VolumetricFog.HistoryMissSupersampleCount:4]]
[2022.02.13-19.10.52:531][  0]LogConfig: Setting CVar [[r.LightMaxDrawDistanceScale:1]]
[2022.02.13-19.10.52:531][  0]LogConfig: Setting CVar [[r.CapsuleShadows:1]]
[2022.02.13-19.10.52:531][  0]LogConfig: Applying CVar settings from Section [PostProcessQuality@3] File [D:/GameDev/Unreal Projects/InfiniteMatrixStarter/Saved/Config/Windows/Scalability.ini]
[2022.02.13-19.10.52:531][  0]LogConfig: Setting CVar [[r.MotionBlurQuality:4]]
[2022.02.13-19.10.52:531][  0]LogConfig: Setting CVar [[r.AmbientOcclusionMipLevelFactor:0.4]]
[2022.02.13-19.10.52:531][  0]LogConfig: Setting CVar [[r.AmbientOcclusionMaxQuality:100]]
[2022.02.13-19.10.52:531][  0]LogConfig: Setting CVar [[r.AmbientOcclusionLevels:-1]]
[2022.02.13-19.10.52:531][  0]LogConfig: Setting CVar [[r.AmbientOcclusionRadiusScale:1.0]]
[2022.02.13-19.10.52:531][  0]LogConfig: Setting CVar [[r.DepthOfFieldQuality:2]]
[2022.02.13-19.10.52:531][  0]LogConfig: Setting CVar [[r.RenderTargetPoolMin:400]]
[2022.02.13-19.10.52:531][  0]LogConfig: Setting CVar [[r.LensFlareQuality:2]]
[2022.02.13-19.10.52:531][  0]LogConfig: Setting CVar [[r.SceneColorFringeQuality:1]]
[2022.02.13-19.10.52:531][  0]LogConfig: Setting CVar [[r.EyeAdaptationQuality:2]]
[2022.02.13-19.10.52:531][  0]LogConfig: Setting CVar [[r.BloomQuality:5]]
[2022.02.13-19.10.52:531][  0]LogConfig: Setting CVar [[r.FastBlurThreshold:100]]
[2022.02.13-19.10.52:531][  0]LogConfig: Setting CVar [[r.Upscale.Quality:3]]
[2022.02.13-19.10.52:531][  0]LogConfig: Setting CVar [[r.Tonemapper.GrainQuantization:1]]
[2022.02.13-19.10.52:531][  0]LogConfig: Setting CVar [[r.LightShaftQuality:1]]
[2022.02.13-19.10.52:531][  0]LogConfig: Setting CVar [[r.Filter.SizeScale:1]]
[2022.02.13-19.10.52:531][  0]LogConfig: Setting CVar [[r.Tonemapper.Quality:5]]
[2022.02.13-19.10.52:531][  0]LogConfig: Setting CVar [[r.DOF.Gather.AccumulatorQuality:1        ; higher gathering accumulator quality]]
[2022.02.13-19.10.52:531][  0]LogConfig: Setting CVar [[r.DOF.Gather.PostfilterMethod:1          ; Median3x3 postfilering method]]
[2022.02.13-19.10.52:531][  0]LogConfig: Setting CVar [[r.DOF.Gather.EnableBokehSettings:0       ; no bokeh simulation when gathering]]
[2022.02.13-19.10.52:531][  0]LogConfig: Setting CVar [[r.DOF.Gather.RingCount:4                 ; medium number of samples when gathering]]
[2022.02.13-19.10.52:531][  0]LogConfig: Setting CVar [[r.DOF.Scatter.ForegroundCompositing:1    ; additive foreground scattering]]
[2022.02.13-19.10.52:531][  0]LogConfig: Setting CVar [[r.DOF.Scatter.BackgroundCompositing:2    ; additive background scattering]]
[2022.02.13-19.10.52:531][  0]LogConfig: Setting CVar [[r.DOF.Scatter.EnableBokehSettings:1      ; bokeh simulation when scattering]]
[2022.02.13-19.10.52:531][  0]LogConfig: Setting CVar [[r.DOF.Scatter.MaxSpriteRatio:0.1         ; only a maximum of 10% of scattered bokeh]]
[2022.02.13-19.10.52:531][  0]LogConfig: Setting CVar [[r.DOF.Recombine.Quality:1                ; cheap slight out of focus]]
[2022.02.13-19.10.52:531][  0]LogConfig: Setting CVar [[r.DOF.Recombine.EnableBokehSettings:0    ; no bokeh simulation on slight out of focus]]
[2022.02.13-19.10.52:531][  0]LogConfig: Setting CVar [[r.DOF.TemporalAAQuality:1                ; more stable temporal accumulation]]
[2022.02.13-19.10.52:531][  0]LogConfig: Setting CVar [[r.DOF.Kernel.MaxForegroundRadius:0.025]]
[2022.02.13-19.10.52:531][  0]LogConfig: Setting CVar [[r.DOF.Kernel.MaxBackgroundRadius:0.025]]
[2022.02.13-19.10.52:531][  0]LogConfig: Applying CVar settings from Section [TextureQuality@3] File [D:/GameDev/Unreal Projects/InfiniteMatrixStarter/Saved/Config/Windows/Scalability.ini]
[2022.02.13-19.10.52:531][  0]LogConfig: Setting CVar [[r.Streaming.MipBias:0]]
[2022.02.13-19.10.52:531][  0]LogConfig: Setting CVar [[r.Streaming.AmortizeCPUToGPUCopy:0]]
[2022.02.13-19.10.52:531][  0]LogConfig: Setting CVar [[r.Streaming.MaxNumTexturesToStreamPerFrame:0]]
[2022.02.13-19.10.52:531][  0]LogConfig: Setting CVar [[r.Streaming.Boost:1]]
[2022.02.13-19.10.52:531][  0]LogConfig: Setting CVar [[r.MaxAnisotropy:8]]
[2022.02.13-19.10.52:531][  0]LogConfig: Setting CVar [[r.VT.MaxAnisotropy:8]]
[2022.02.13-19.10.52:531][  0]LogConfig: Setting CVar [[r.Streaming.LimitPoolSizeToVRAM:0]]
[2022.02.13-19.10.52:531][  0]LogConfig: Setting CVar [[r.Streaming.PoolSize:1000]]
[2022.02.13-19.10.52:531][  0]LogConfig: Setting CVar [[r.Streaming.MaxEffectiveScreenSize:0]]
[2022.02.13-19.10.52:531][  0]LogConfig: Applying CVar settings from Section [EffectsQuality@3] File [D:/GameDev/Unreal Projects/InfiniteMatrixStarter/Saved/Config/Windows/Scalability.ini]
[2022.02.13-19.10.52:531][  0]LogConfig: Setting CVar [[r.TranslucencyLightingVolumeDim:64]]
[2022.02.13-19.10.52:531][  0]LogConfig: Setting CVar [[r.RefractionQuality:2]]
[2022.02.13-19.10.52:531][  0]LogConfig: Setting CVar [[r.SSR.Quality:3]]
[2022.02.13-19.10.52:531][  0]LogConfig: Setting CVar [[r.SSR.HalfResSceneColor:0]]
[2022.02.13-19.10.52:531][  0]LogConfig: Setting CVar [[r.SceneColorFormat:4]]
[2022.02.13-19.10.52:531][  0]LogConfig: Setting CVar [[r.DetailMode:2]]
[2022.02.13-19.10.52:531][  0]LogConfig: Setting CVar [[r.TranslucencyVolumeBlur:1]]
[2022.02.13-19.10.52:531][  0]LogConfig: Setting CVar [[r.MaterialQualityLevel:1 ; High quality]]
[2022.02.13-19.10.52:531][  0]LogConfig: Setting CVar [[r.AnisotropicMaterials:1]]
[2022.02.13-19.10.52:531][  0]LogConfig: Setting CVar [[r.SSS.Scale:1]]
[2022.02.13-19.10.52:531][  0]LogConfig: Setting CVar [[r.SSS.SampleSet:2]]
[2022.02.13-19.10.52:531][  0]LogConfig: Setting CVar [[r.SSS.Quality:1]]
[2022.02.13-19.10.52:531][  0]LogConfig: Setting CVar [[r.SSS.HalfRes:0]]
[2022.02.13-19.10.52:531][  0]LogConfig: Setting CVar [[r.SSGI.Quality:3]]
[2022.02.13-19.10.52:531][  0]LogConfig: Setting CVar [[r.EmitterSpawnRateScale:1.0]]
[2022.02.13-19.10.52:531][  0]LogConfig: Setting CVar [[r.ParticleLightQuality:2]]
[2022.02.13-19.10.52:531][  0]LogConfig: Setting CVar [[r.SkyAtmosphere.AerialPerspectiveLUT.FastApplyOnOpaque:1 ; Always have FastSkyLUT 1 in this case to avoid wrong sky]]
[2022.02.13-19.10.52:531][  0]LogConfig: Setting CVar [[r.SkyAtmosphere.AerialPerspectiveLUT.SampleCountMaxPerSlice:4]]
[2022.02.13-19.10.52:531][  0]LogConfig: Setting CVar [[r.SkyAtmosphere.AerialPerspectiveLUT.DepthResolution:16.0]]
[2022.02.13-19.10.52:531][  0]LogConfig: Setting CVar [[r.SkyAtmosphere.FastSkyLUT:1]]
[2022.02.13-19.10.52:531][  0]LogConfig: Setting CVar [[r.SkyAtmosphere.FastSkyLUT.SampleCountMin:4.0]]
[2022.02.13-19.10.52:531][  0]LogConfig: Setting CVar [[r.SkyAtmosphere.FastSkyLUT.SampleCountMax:128.0]]
[2022.02.13-19.10.52:531][  0]LogConfig: Setting CVar [[r.SkyAtmosphere.SampleCountMin:4.0]]
[2022.02.13-19.10.52:531][  0]LogConfig: Setting CVar [[r.SkyAtmosphere.SampleCountMax:128.0]]
[2022.02.13-19.10.52:531][  0]LogConfig: Setting CVar [[r.SkyAtmosphere.TransmittanceLUT.UseSmallFormat:0]]
[2022.02.13-19.10.52:531][  0]LogConfig: Setting CVar [[r.SkyAtmosphere.TransmittanceLUT.SampleCount:10.0]]
[2022.02.13-19.10.52:531][  0]LogConfig: Setting CVar [[r.SkyAtmosphere.MultiScatteringLUT.SampleCount:15.0]]
[2022.02.13-19.10.52:531][  0]LogConfig: Setting CVar [[r.SkyLight.RealTimeReflectionCapture:1]]
[2022.02.13-19.10.52:531][  0]LogConfig: Applying CVar settings from Section [FoliageQuality@3] File [D:/GameDev/Unreal Projects/InfiniteMatrixStarter/Saved/Config/Windows/Scalability.ini]
[2022.02.13-19.10.52:531][  0]LogConfig: Setting CVar [[foliage.DensityScale:1.0]]
[2022.02.13-19.10.52:531][  0]LogConfig: Setting CVar [[grass.DensityScale:1.0]]
[2022.02.13-19.10.52:531][  0]LogConfig: Applying CVar settings from Section [ShadingQuality@3] File [D:/GameDev/Unreal Projects/InfiniteMatrixStarter/Saved/Config/Windows/Scalability.ini]
[2022.02.13-19.10.52:531][  0]LogConfig: Setting CVar [[r.HairStrands.SkyLighting.IntegrationType:2]]
[2022.02.13-19.10.52:531][  0]LogConfig: Setting CVar [[r.HairStrands.SkyAO.SampleCount:4]]
[2022.02.13-19.10.52:531][  0]LogConfig: Setting CVar [[r.HairStrands.Visibility.MSAA.SamplePerPixel:4]]
[2022.02.13-19.10.52:531][  0]LogConfig: Applying CVar settings from Section [Startup] File [../../../Engine/Config/ConsoleVariables.ini]
[2022.02.13-19.10.52:532][  0]LogConfig: Setting CVar [[net.UseAdaptiveNetUpdateFrequency:0]]
[2022.02.13-19.10.52:532][  0]LogConfig: Setting CVar [[p.chaos.AllowCreatePhysxBodies:1]]
[2022.02.13-19.10.52:532][  0]LogConfig: Setting CVar [[fx.SkipVectorVMBackendOptimizations:1]]
[2022.02.13-19.10.52:532][  0]LogConfig: Applying CVar settings from Section [ConsoleVariables] File [D:/GameDev/Unreal Projects/InfiniteMatrixStarter/Saved/Config/Windows/Engine.ini]
[2022.02.13-19.10.52:532][  0]LogConfig: Applying CVar settings from Section [ConsoleVariables] File [D:/GameDev/Unreal Projects/InfiniteMatrixStarter/Saved/Config/Windows/Editor.ini]
[2022.02.13-19.10.52:532][  0]LogInit: Computer: OMAR-LAPTOP
[2022.02.13-19.10.52:532][  0]LogInit: User: Omar
[2022.02.13-19.10.52:532][  0]LogInit: CPU Page size=4096, Cores=6
[2022.02.13-19.10.52:532][  0]LogInit: High frequency timer resolution =10.000000 MHz
[2022.02.13-19.10.52:532][  0]LogMemory: Memory total: Physical=15.9GB (16GB approx)
[2022.02.13-19.10.52:532][  0]LogMemory: Platform Memory Stats for Windows
[2022.02.13-19.10.52:532][  0]LogMemory: Process Physical Memory: 146.79 MB used, 146.79 MB peak
[2022.02.13-19.10.52:532][  0]LogMemory: Process Virtual Memory: 131.73 MB used, 131.73 MB peak
[2022.02.13-19.10.52:532][  0]LogMemory: Physical Memory: 7617.67 MB used,  8664.73 MB free, 16282.40 MB total
[2022.02.13-19.10.52:532][  0]LogMemory: Virtual Memory: 134211832.00 MB used,  5892.84 MB free, 134217728.00 MB total
[2022.02.13-19.10.52:534][  0]LogWindows: WindowsPlatformFeatures enabled
[2022.02.13-19.10.52:560][  0]LogInit: Physics initialised using underlying interface: PhysX
[2022.02.13-19.10.52:560][  0]LogInit: Using OS detected language (en-US).
[2022.02.13-19.10.52:560][  0]LogInit: Using OS detected locale (en-US).
[2022.02.13-19.10.52:564][  0]LogTextLocalizationManager: No specific localization for 'en-US' exists, so the 'en' localization will be used.
[2022.02.13-19.10.52:731][  0]LogInit: Setting process to per monitor DPI aware
[2022.02.13-19.10.52:746][  0]LogWindowsTextInputMethodSystem: Display: IME system deactivated.
[2022.02.13-19.10.52:761][  0]LogSlate: New Slate User Created.  User Index 0, Is Virtual User: 0
[2022.02.13-19.10.52:761][  0]LogSlate: Slate User Registered.  User Index 0, Is Virtual User: 0
[2022.02.13-19.10.52:935][  0]LogD3D11RHI: Loaded GFSDK_Aftermath_Lib.x64.dll
[2022.02.13-19.10.52:939][  0]LogHMD: Failed to initialize OpenVR with code 110
[2022.02.13-19.10.52:939][  0]LogD3D11RHI: D3D11 min allowed feature level: 11_0
[2022.02.13-19.10.52:939][  0]LogD3D11RHI: D3D11 max allowed feature level: 11_0
[2022.02.13-19.10.52:939][  0]LogD3D11RHI: D3D11 adapters:
[2022.02.13-19.10.53:012][  0]LogD3D11RHI:    0. 'NVIDIA GeForce RTX 2060' (Feature Level 11_0)
[2022.02.13-19.10.53:012][  0]LogD3D11RHI:       5980/0/8141 MB DedicatedVideo/DedicatedSystem/SharedSystem, Outputs:1, VendorId:0x10de
[2022.02.13-19.10.53:035][  0]LogD3D11RHI:    1. 'Intel(R) UHD Graphics 630' (Feature Level 11_0)
[2022.02.13-19.10.53:035][  0]LogD3D11RHI:       128/0/8141 MB DedicatedVideo/DedicatedSystem/SharedSystem, Outputs:1, VendorId:0x8086
[2022.02.13-19.10.53:038][  0]LogD3D11RHI:    2. 'Microsoft Basic Render Driver' (Feature Level 11_0)
[2022.02.13-19.10.53:038][  0]LogD3D11RHI:       0/0/8141 MB DedicatedVideo/DedicatedSystem/SharedSystem, Outputs:0, VendorId:0x1414
[2022.02.13-19.10.53:038][  0]LogD3D11RHI: Chosen D3D11 Adapter:
[2022.02.13-19.10.53:038][  0]LogD3D11RHI:     Description : NVIDIA GeForce RTX 2060
[2022.02.13-19.10.53:038][  0]LogD3D11RHI:     VendorId    : 10de
[2022.02.13-19.10.53:038][  0]LogD3D11RHI:     DeviceId    : 1f11
[2022.02.13-19.10.53:038][  0]LogD3D11RHI:     SubSysId    : 20021a58
[2022.02.13-19.10.53:038][  0]LogD3D11RHI:     Revision    : 00a1
[2022.02.13-19.10.53:038][  0]LogD3D11RHI:     DedicatedVideoMemory : 6270484480 bytes
[2022.02.13-19.10.53:038][  0]LogD3D11RHI:     DedicatedSystemMemory : 0 bytes
[2022.02.13-19.10.53:038][  0]LogD3D11RHI:     SharedSystemMemory : 8536668160 bytes
[2022.02.13-19.10.53:038][  0]LogD3D11RHI:     AdapterLuid : 0 50467
[2022.02.13-19.10.53:044][  0]LogD3D11RHI: Creating new Direct3DDevice
[2022.02.13-19.10.53:044][  0]LogD3D11RHI:     GPU DeviceId: 0x1f11 (for the marketing name, search the web for "GPU Device Id")
[2022.02.13-19.10.53:044][  0]LogWindows: EnumDisplayDevices:
[2022.02.13-19.10.53:044][  0]LogWindows:    0. 'Intel(R) UHD Graphics 630' (P:0 D:1)
[2022.02.13-19.10.53:044][  0]LogWindows:    1. 'Intel(R) UHD Graphics 630' (P:0 D:0)
[2022.02.13-19.10.53:044][  0]LogWindows:    2. 'Intel(R) UHD Graphics 630' (P:0 D:0)
[2022.02.13-19.10.53:044][  0]LogWindows:    3. 'NVIDIA GeForce RTX 2060' (P:1 D:1)
[2022.02.13-19.10.53:045][  0]LogWindows:    4. 'NVIDIA GeForce RTX 2060' (P:0 D:0)
[2022.02.13-19.10.53:045][  0]LogWindows:    5. 'NVIDIA GeForce RTX 2060' (P:0 D:0)
[2022.02.13-19.10.53:045][  0]LogWindows:    6. 'NVIDIA GeForce RTX 2060' (P:0 D:0)
[2022.02.13-19.10.53:045][  0]LogWindows: DebugString: PrimaryIsNotTheChoosenAdapter PrimaryIsNotTheChoosenAdapter PrimaryIsNotTheChoosenAdapter FoundDriverCount:4 
[2022.02.13-19.10.53:045][  0]LogD3D11RHI:     Adapter Name: NVIDIA GeForce RTX 2060
[2022.02.13-19.10.53:045][  0]LogD3D11RHI:   Driver Version: 417.59 (internal:25.21.14.1759, unified:417.59)
[2022.02.13-19.10.53:045][  0]LogD3D11RHI:      Driver Date: 12-28-2018
[2022.02.13-19.10.53:045][  0]LogRHI: Texture pool is 4186 MB (70% of 5980 MB)
[2022.02.13-19.10.53:045][  0]LogD3D11RHI: Creating D3DDevice using adapter:
[2022.02.13-19.10.53:045][  0]LogD3D11RHI:     Description : NVIDIA GeForce RTX 2060
[2022.02.13-19.10.53:045][  0]LogD3D11RHI:     VendorId    : 10de
[2022.02.13-19.10.53:045][  0]LogD3D11RHI:     DeviceId    : 1f11
[2022.02.13-19.10.53:045][  0]LogD3D11RHI:     SubSysId    : 20021a58
[2022.02.13-19.10.53:045][  0]LogD3D11RHI:     Revision    : 00a1
[2022.02.13-19.10.53:045][  0]LogD3D11RHI:     DedicatedVideoMemory : 6270484480 bytes
[2022.02.13-19.10.53:045][  0]LogD3D11RHI:     DedicatedSystemMemory : 0 bytes
[2022.02.13-19.10.53:045][  0]LogD3D11RHI:     SharedSystemMemory : 8536668160 bytes
[2022.02.13-19.10.53:045][  0]LogD3D11RHI:     AdapterLuid : 0 50467
[2022.02.13-19.10.53:090][  0]LogD3D11RHI: RHI has support for 64 bit atomics
[2022.02.13-19.10.53:090][  0]LogD3D11RHI: Async texture creation enabled
[2022.02.13-19.10.53:090][  0]LogD3D11RHI: Array index from any shader is supported
[2022.02.13-19.10.53:165][  0]LogD3D11RHI: GPU Timing Frequency: 1000.000000 (Debug: 2 2)
[2022.02.13-19.10.53:206][  0]LogRHI: GeForceNow SDK initialized: 1
[2022.02.13-19.10.53:482][  0]LogTargetPlatformManager: Display: Loaded TargetPlatform 'AllDesktop'
[2022.02.13-19.10.53:503][  0]LogTargetPlatformManager: Display: Loaded TargetPlatform 'Android'
[2022.02.13-19.10.53:503][  0]LogTargetPlatformManager: Display: Loaded TargetPlatform 'Android_ASTC'
[2022.02.13-19.10.53:503][  0]LogTargetPlatformManager: Display: Loaded TargetPlatform 'Android_DXT'
[2022.02.13-19.10.53:503][  0]LogTargetPlatformManager: Display: Loaded TargetPlatform 'Android_ETC2'
[2022.02.13-19.10.53:503][  0]LogTargetPlatformManager: Display: Loaded TargetPlatform 'AndroidClient'
[2022.02.13-19.10.53:503][  0]LogTargetPlatformManager: Display: Loaded TargetPlatform 'Android_ASTCClient'
[2022.02.13-19.10.53:503][  0]LogTargetPlatformManager: Display: Loaded TargetPlatform 'Android_DXTClient'
[2022.02.13-19.10.53:503][  0]LogTargetPlatformManager: Display: Loaded TargetPlatform 'Android_ETC2Client'
[2022.02.13-19.10.53:503][  0]LogTargetPlatformManager: Display: Loaded TargetPlatform 'Android_Multi'
[2022.02.13-19.10.53:503][  0]LogTargetPlatformManager: Display: Loaded TargetPlatform 'Android_MultiClient'
[2022.02.13-19.10.53:521][  0]LogTargetPlatformManager: Display: Loaded TargetPlatform 'IOSClient'
[2022.02.13-19.10.53:521][  0]LogTargetPlatformManager: Display: Loaded TargetPlatform 'IOS'
[2022.02.13-19.10.53:531][  0]LogTargetPlatformManager: Display: Loaded TargetPlatform 'Linux'
[2022.02.13-19.10.53:535][  0]LogTargetPlatformManager: Display: Loaded TargetPlatform 'LinuxNoEditor'
[2022.02.13-19.10.53:539][  0]LogTargetPlatformManager: Display: Loaded TargetPlatform 'LinuxClient'
[2022.02.13-19.10.53:544][  0]LogTargetPlatformManager: Display: Loaded TargetPlatform 'LinuxServer'
[2022.02.13-19.10.53:552][  0]LogTargetPlatformManager: Display: Loaded TargetPlatform 'LinuxAArch64NoEditor'
[2022.02.13-19.10.53:557][  0]LogTargetPlatformManager: Display: Loaded TargetPlatform 'LinuxAArch64Client'
[2022.02.13-19.10.53:561][  0]LogTargetPlatformManager: Display: Loaded TargetPlatform 'LinuxAArch64Server'
[2022.02.13-19.10.53:584][  0]LogTargetPlatformManager: Display: Loaded TargetPlatform 'Lumin'
[2022.02.13-19.10.53:584][  0]LogTargetPlatformManager: Display: Loaded TargetPlatform 'LuminClient'
[2022.02.13-19.10.53:593][  0]LogTargetPlatformManager: Display: Loaded TargetPlatform 'MacNoEditor'
[2022.02.13-19.10.53:598][  0]LogTargetPlatformManager: Display: Loaded TargetPlatform 'Mac'
[2022.02.13-19.10.53:604][  0]LogTargetPlatformManager: Display: Loaded TargetPlatform 'MacClient'
[2022.02.13-19.10.53:609][  0]LogTargetPlatformManager: Display: Loaded TargetPlatform 'MacServer'
[2022.02.13-19.10.53:619][  0]LogTargetPlatformManager: Display: Loaded TargetPlatform 'TVOSClient'
[2022.02.13-19.10.53:619][  0]LogTargetPlatformManager: Display: Loaded TargetPlatform 'TVOS'
[2022.02.13-19.10.53:628][  0]LogTargetPlatformManager: Display: Loaded TargetPlatform 'WindowsNoEditor'
[2022.02.13-19.10.53:634][  0]LogTargetPlatformManager: Display: Loaded TargetPlatform 'Windows'
[2022.02.13-19.10.53:639][  0]LogTargetPlatformManager: Display: Loaded TargetPlatform 'WindowsClient'
[2022.02.13-19.10.53:644][  0]LogTargetPlatformManager: Display: Loaded TargetPlatform 'WindowsServer'
[2022.02.13-19.10.53:644][  0]LogTargetPlatformManager: Display: Building Assets For Windows
[2022.02.13-19.10.53:653][  0]LogAudioDebug: Display: Lib vorbis DLL was dynamically loaded.
[2022.02.13-19.10.53:695][  0]LogTextureFormatOodle: Display: Oodle Texture 2.9.0 init RDO Off
[2022.02.13-19.10.53:734][  0]LogRendererCore: Ray tracing is disabled. Reason: r.RayTracing=0.
[2022.02.13-19.10.53:734][  0]LogShaderCompilers: Guid format shader working directory is -4 characters bigger than the processId version (../../../../Unreal Projects/InfiniteMatrixStarter/Intermediate/Shaders/WorkingDirectory/7652/).
[2022.02.13-19.10.53:734][  0]LogShaderCompilers: Cleaned the shader compiler working directory 'C:/Users/User/AppData/Local/Temp/UnrealShaderWorkingDir/F6B3846841A21FEABCC740BB653FCE6A/'.
[2022.02.13-19.10.53:735][  0]LogXGEController: Cannot use XGE Controller as Incredibuild is not installed on this machine.
[2022.02.13-19.10.53:735][  0]LogShaderCompilers: Cannot use XGE Shader Compiler as Incredibuild is not installed on this machine.
[2022.02.13-19.10.53:735][  0]LogShaderCompilers: Display: Using Local Shader Compiler.
[2022.02.13-19.10.54:463][  0]LogDerivedDataCache: Display: Max Cache Size: 512 MB
[2022.02.13-19.10.54:515][  0]LogDerivedDataCache: Loaded boot cache 0.05s 94MB C:/Users/User/AppData/Local/UnrealEngine/4.27/DerivedDataCache/Boot.ddc.
[2022.02.13-19.10.54:528][  0]LogDerivedDataCache: Display: Loaded Boot cache: C:/Users/User/AppData/Local/UnrealEngine/4.27/DerivedDataCache/Boot.ddc
[2022.02.13-19.10.54:529][  0]LogDerivedDataCache: FDerivedDataBackendGraph:  Pak pak cache file ../../../../Unreal Projects/InfiniteMatrixStarter/DerivedDataCache/DDC.ddp not found, will not use a pak cache.
[2022.02.13-19.10.54:529][  0]LogDerivedDataCache: Unable to find inner node Pak for hierarchical cache Hierarchy.
[2022.02.13-19.10.54:529][  0]LogDerivedDataCache: FDerivedDataBackendGraph:  CompressedPak pak cache file ../../../../Unreal Projects/InfiniteMatrixStarter/DerivedDataCache/Compressed.ddp not found, will not use a pak cache.
[2022.02.13-19.10.54:529][  0]LogDerivedDataCache: Unable to find inner node CompressedPak for hierarchical cache Hierarchy.
[2022.02.13-19.10.54:548][  0]LogDerivedDataCache: Display: Pak cache opened for reading ../../../Engine/DerivedDataCache/Compressed.ddp.
[2022.02.13-19.10.54:548][  0]LogDerivedDataCache: FDerivedDataBackendGraph:  EnterprisePak pak cache file ../../../Enterprise/DerivedDataCache/Compressed.ddp not found, will not use a pak cache.
[2022.02.13-19.10.54:548][  0]LogDerivedDataCache: Unable to find inner node EnterprisePak for hierarchical cache Hierarchy.
[2022.02.13-19.10.54:555][  0]LogDerivedDataCache: Speed tests for C:/Users/User/AppData/Local/UnrealEngine/Common/DerivedDataCache took 0.01 seconds
[2022.02.13-19.10.54:555][  0]LogDerivedDataCache: Display: Performance to C:/Users/User/AppData/Local/UnrealEngine/Common/DerivedDataCache: Latency=0.02ms. RandomReadSpeed=1643.43MBs, RandomWriteSpeed=156.91MBs. Assigned SpeedClass 'Local'
[2022.02.13-19.10.54:557][  0]LogDerivedDataCache: Using Local data cache path C:/Users/User/AppData/Local/UnrealEngine/Common/DerivedDataCache: Writable
[2022.02.13-19.10.54:557][  0]LogDerivedDataCache: Shared data cache path not found in *engine.ini, will not use an Shared cache.
[2022.02.13-19.10.54:557][  0]LogDerivedDataCache: Unable to find inner node Shared for hierarchical cache Hierarchy.
[2022.02.13-19.10.54:607][  0]LogSlate: Using FreeType 2.10.0
[2022.02.13-19.10.54:607][  0]LogSlate: SlateFontServices - WITH_FREETYPE: 1, WITH_HARFBUZZ: 1
[2022.02.13-19.10.54:633][  0]LogAssetRegistry: FAssetRegistry took 0.0024 seconds to start up
[2022.02.13-19.10.54:848][  0]LogInit: Selected Device Profile: [Windows]
[2022.02.13-19.10.54:848][  0]LogInit: Active device profile: [000002828BFFCD00][0000028284F4C140 49] Windows
[2022.02.13-19.10.54:848][  0]LogInit: Profiles: [000002828BFFCD00][0000028284F4C140 49] Windows, [000002828BF8E300][000002828CB822C0 49] WindowsNoEditor, [000002828BFFDC00][000002828CB9E440 49] WindowsServer, [000002828BF8F100][000002828A74C580 49] WindowsClient, [000002828BFFE900][000002828CBA26C0 49] IOS, [000002828BF8DA00][000002828CBA6800 49] iPadAir, [000002828BFFFE00][00000282825B0940 49] iPadAir2, [000002828BCFD100][00000282825C0C00 49] IPadPro, [000002828BCFD200][00000282825BCC40 49] iPadAir3, [000002828BF8CC00][00000282825C4DC0 49] iPadAir4, [000002828BCFDE00][00000282825CCF40 49] iPadMini2, [000002828BF8F300][00000282825D50C0 49] iPadMini3, [000002828BCFF900][00000282826F3240 49] iPadMini4, [000002828BF8D000][000002828A4EF3C0 49] iPadMini5, [000002828BEE0900][000002828A531680 49] iPhone6, [000002828BEE0A00][000002828A52D6C0 49] iPodTouch6, [000002828BFFEE00][000002828C921980 49] iPhone7, [000002828BFFEF00][000002828A5859C0 49] iPodTouch7, [000002828BCFFE00][000002828CADDB40 49] iPhone5S, [000002828BFFCF00][000002828CAE0140 49] iPhone6Plus, [000002828BEE0100][000002828CAE42C0 49] iPhone6S, [000002828BCFC300][000002828CAE8440 49] iPhone6SPlus, [000002828BEE2800][000002828C9505C0 49] iPhone7Plus, [000002828BCFE400][000002828C954740 49] iPhoneSE, [000002828BEE2600][00000282825B8880 49] iPhone8, [000002828BCFC400][000002828C9689C0 49] iPhone8Plus, [000002828BEE3100][000002828CB60B00 49] iPhoneX, [000002828BFFD400][000002828CB6CC80 49] iPhoneXS, [000002828BEE2B00][000002828CB7CE00 49] iPhoneXSMax, [000002828BFFC700][000002828CC7AF80 49] iPhoneXR, [000002828BEE0800][0000028282561100 49] iPhone11, [000002828BFFD100][0000028282565280 49] iPhone11Pro, [000002828BEE1A00][0000028282569400 49] iPhone11ProMax, [000002828BFFF700][000002828256D580 49] iPhoneSE2, [000002828BEE3800][0000028282575700 49] iPhone12Mini, [000002828BFFE300][0000028282583880 49] iPhone12, [000002828BEE3200][0000028282587A00 49] iPhone12Pro, [000002828BFFD300][000002828258BB80 49] iPhone12ProMax, [000002828BEE1500][000002828258E180 49] iPadPro105, [000002828BFFCA00][0000028282592300 49] iPadPro129, [000002828BEE3D00][0000028282596480 49] iPadPro97, [000002828BFFEA00][000002828259A600 49] iPadPro2_129, [000002828BEE2900][000002828259E780 49] iPad5, [000002828BFFDE00][00000282825A2900 49] iPad6, [000002828BEE1300][000002828CB68A40 49] iPad7, [000002828BFFC200][00000282825AAB80 49] iPad8, [000002828BEE0400][000002828CA96CC0 49] iPadPro11, [000002828BFFDA00][000002828CA9EE40 49] iPadPro2_11, [000002828BEE1600][000002828CAA2FC0 49] iPadPro3_129, [000002828BFFE700][000002828CAAB140 49] iPadPro4_129, [000002828BEE0200][000002828CAAF2C0 49] AppleTV, [000002828BFFC900][000002828D61F440 49] AppleTV4K, [000002828BEE1D00][000002828D6235C0 49] TVOS, [000002828BFFED00][000002828D627740 49] Mac, [000002828BEE3600][000002828C9018C0 49] MacClient, [000002828BFFF900][000002828C905A40 49] MacNoEditor, [000002828BEE3500][000002828C909BC0 49] MacServer, [000002828BFFD200][000002828C9161C0 49] Linux, [000002828BEE1C00][000002828C91A340 49] LinuxAArch64, [000002828BFFFC00][000002828D61A4C0 49] LinuxNoEditor, [000002828BEE2300][000002828CAA6640 49] LinuxAArch64NoEditor, [000002828BFFDB00][000002828CB387C0 49] LinuxClient, [000002828BEE2500][00000282825A6940 49] LinuxAArch64Client, [000002828BFFCE00][000002828CB3CAC0 49] LinuxServer, [000002828BEE3900][000002828CA9AC00 49] LinuxAArch64Server, [000002828BFFF500][000002828CB40D40 49] Android, [000002828BEE1E00][000002828CB44E80 49] Android_Low, [000002828BFFDF00][000002828CB48FC0 49] Android_Mid, [000002828BEE2200][000002828CB51140 49] Android_High, [000002828BFFFF00][000002828CB552C0 49] Android_Default, [000002828BEE2000][000002828CB59440 49] Android_Adreno4xx, [000002828BFFFD00][000002828CB5D5C0 49] Android_Adreno5xx_Low, [000002828BEE2A00][000002828CAB3740 49] Android_Adreno5xx, [000002828BFFF800][000002828CAB78C0 49] Android_Adreno6xx, [000002828BF8C500][000002828CABBA40 49] Android_Adreno6xx_Vulkan, [000002828BCFD400][000002828CABFBC0 49] Android_Mali_T6xx, [000002828BF8D100][000002828CAC21C0 49] Android_Mali_T7xx, [000002828BCFED00][000002828CAC6340 49] Android_Mali_T8xx, [000002828BF8EF00][000002828CACA4C0 49] Android_Mali_G71, [000002828BCFF400][000002828CACE640 49] Android_Mali_G72, [000002828BF8D700][000002828CAD27C0 49] Android_Mali_G72_Vulkan, [000002828BCFD300][000002828CAD6940 49] Android_Mali_G76, [000002828BF8FA00][000002828CC24AC0 49] Android_Mali_G76_Vulkan, [000002828BCFEC00][000002828CC28C40 49] Android_Mali_G77, [000002828BF8D500][000002828CB4CD80 49] Android_Mali_G77_Vulkan, [000002828BCFD800][000002828CC2CEC0 49] Android_Mali_G78, [000002828BF8E200][000002828CC31000 49] Android_Mali_G78_Vulkan, [000002828BCFFD00][000002828CC35140 49] Android_Mali_G710, [000002828BF8C300][000002828CC3D2C0 49] Android_Mali_G710_Vulkan, [000002828BCFC200][000002828CC41440 49] Android_Vulkan_SM5, [000002828BF8C800][000002828CC455C0 49] Android_PowerVR_G6xxx, [000002828BCFE500][000002828CC49740 49] Android_PowerVR_GT7xxx, [000002828BF8CE00][000002828CC4D8C0 49] Android_PowerVR_GE8xxx, [000002828BCFD500][000002828CC51A40 49] Android_PowerVR_GM9xxx, [000002828BF8CD00][00000282824EDBC0 49] Android_PowerVR_GM9xxx_Vulkan, [000002828BCFD900][00000282824F01C0 49] Android_TegraK1, [000002828BF8C600][00000282824F4340 49] Android_Unknown_Vulkan, [000002828BCFF800][00000282824F84C0 49] Lumin, [000002828BF8E600][00000282824FC640 49] Lumin_Desktop, [000002828BCFFB00][00000282825007C0 49] HoloLens, 
[2022.02.13-19.10.54:980][  0]LogMeshReduction: Using QuadricMeshReduction for automatic static mesh reduction
[2022.02.13-19.10.54:980][  0]LogMeshReduction: Using SimplygonMeshReduction for automatic skeletal mesh reduction
[2022.02.13-19.10.54:980][  0]LogMeshReduction: Using ProxyLODMeshReduction for automatic mesh merging
[2022.02.13-19.10.54:980][  0]LogMeshReduction: No distributed automatic mesh merging module available
[2022.02.13-19.10.54:980][  0]LogMeshMerging: No distributed automatic mesh merging module available
[2022.02.13-19.10.54:995][  0]LogNetVersion: InfiniteMatrix 1.0.0, NetCL: 17155196, EngineNetVer: 17, GameNetVer: 0 (Checksum: 1551001080)
[2022.02.13-19.10.55:350][  0]LogTexture: Default maximum texture size for cubemaps generated from long-lat sources has been changed from 512 to unlimited. In order to preserve old behaiour for '/Engine/MapTemplates/Sky/DaylightAmbientCubemap.DaylightAmbientCubemap', its maximum texture size has been explicitly set to 512.
[2022.02.13-19.10.55:402][  0]LogHMD: PokeAHoleMaterial loaded successfully
[2022.02.13-19.10.55:407][  0]LogUObjectArray: 17178 objects as part of root set at end of initial load.
[2022.02.13-19.10.55:407][  0]LogUObjectAllocator: 4302048 out of 0 bytes used by permanent object pool.
[2022.02.13-19.10.55:407][  0]LogUObjectArray: CloseDisregardForGC: 0/0 objects in disregard for GC pool
[2022.02.13-19.10.55:691][  0]LogPython: Using Python 3.7.7
[2022.02.13-19.10.56:197][  0]LogNiagaraDebuggerClient: Niagara Debugger Client Initialized | Session: F61F4172430AE7FB1C462FA12FD47ED6 | Instance: 187E9E0B4DD95CE7DAF25585C955F546 (OMAR-LAPTOP-7652).
[2022.02.13-19.10.56:345][  0]LogTcpMessaging: Initializing TcpMessaging bridge
[2022.02.13-19.10.56:350][  0]LogUdpMessaging: Initializing bridge on interface 0.0.0.0:0 to multicast group 230.0.0.1:6666.
[2022.02.13-19.10.56:510][  0]SourceControl: Source control is disabled
[2022.02.13-19.10.56:510][  0]SourceControl: Source control is disabled
[2022.02.13-19.10.56:513][  0]SourceControl: Source control is disabled
[2022.02.13-19.10.56:516][  0]SourceControl: Source control is disabled
[2022.02.13-19.10.56:526][  0]SourceControl: Source control is disabled
[2022.02.13-19.10.56:532][  0]LogUProjectInfo: Found projects:
[2022.02.13-19.10.56:732][  0]LogOpenImageDenoise: OIDN starting up
[2022.02.13-19.10.56:764][  0]LogAndroidPermission: UAndroidPermissionCallbackProxy::GetInstance
[2022.02.13-19.10.56:787][  0]LogAudioCaptureCore: Display: No Audio Capture implementations found. Audio input will be silent.
[2022.02.13-19.10.56:787][  0]LogAudioCaptureCore: Display: No Audio Capture implementations found. Audio input will be silent.
[2022.02.13-19.10.56:922][  0]LogCollectionManager: Loaded 0 collections in 0.001435 seconds
[2022.02.13-19.10.56:945][  0]LogFileCache: Scanning file cache for directory 'D:/GameDev/Unreal Projects/InfiniteMatrixStarter/Saved/Collections/' took 0.00s
[2022.02.13-19.10.56:945][  0]LogFileCache: Scanning file cache for directory 'D:/GameDev/Unreal Projects/InfiniteMatrixStarter/Content/Developers/Omar/Collections/' took 0.00s
[2022.02.13-19.10.56:945][  0]LogFileCache: Scanning file cache for directory 'D:/GameDev/Unreal Projects/InfiniteMatrixStarter/Content/Collections/' took 0.00s
[2022.02.13-19.10.56:945][  0]LogOcInput: OculusInput pre-init called
[2022.02.13-19.10.57:187][  0]LogEngine: Initializing Engine...
[2022.02.13-19.10.57:199][  0]LogHMD: Failed to enumerate extensions. Please check that you have a valid OpenXR runtime installed.
[2022.02.13-19.10.57:200][  0]LogHMD: Failed to initialize OpenVR with code 110
[2022.02.13-19.10.57:200][  0]LogMagicLeap: Warning: VR disabled because ZI is not enabled.  To enable, in the editor, Edit -> Project Settings -> Plugins -> Magic Leap Plugin -> Enable Zero Iteration
[2022.02.13-19.10.57:201][  0]LogStats: UGameplayTagsManager::InitializeManager -  0.000 s
[2022.02.13-19.10.57:304][  0]LogInit: Initializing FReadOnlyCVARCache
[2022.02.13-19.10.57:312][  0]LogAIModule: Creating AISystem for world Untitled
[2022.02.13-19.10.57:326][  0]LogAudio: Display: Initializing Audio Device Manager...
[2022.02.13-19.10.57:331][  0]LogAudio: Display: Loading Default Audio Settings Objects...
[2022.02.13-19.10.57:331][  0]LogAudio: Display: No default SoundConcurrencyObject specified (or failed to load).
[2022.02.13-19.10.57:332][  0]LogAudio: Display: Audio Device Manager Initialized
[2022.02.13-19.10.57:332][  0]LogAudio: Display: Creating Audio Device:                 Id: 1, Scope: Shared, Realtime: True
[2022.02.13-19.10.57:332][  0]LogAudioMixer: Display: Audio Mixer Platform Settings:
[2022.02.13-19.10.57:332][  0]LogAudioMixer: Display: 	Sample Rate:						  48000
[2022.02.13-19.10.57:332][  0]LogAudioMixer: Display: 	Callback Buffer Frame Size Requested: 1024
[2022.02.13-19.10.57:332][  0]LogAudioMixer: Display: 	Callback Buffer Frame Size To Use:	  1024
[2022.02.13-19.10.57:332][  0]LogAudioMixer: Display: 	Number of buffers to queue:			  2
[2022.02.13-19.10.57:332][  0]LogAudioMixer: Display: 	Max Channels (voices):				  32
[2022.02.13-19.10.57:332][  0]LogAudioMixer: Display: 	Number of Async Source Workers:		  0
[2022.02.13-19.10.57:332][  0]LogAudio: Display: AudioDevice MaxSources: 32
[2022.02.13-19.10.57:332][  0]LogAudio: Display: Audio Spatialization Plugin: None (built-in).
[2022.02.13-19.10.57:332][  0]LogAudio: Display: Audio Reverb Plugin: None (built-in).
[2022.02.13-19.10.57:332][  0]LogAudio: Display: Audio Occlusion Plugin: None (built-in).
[2022.02.13-19.10.57:332][  0]LogAudioMixer: Display: Initializing audio mixer.
[2022.02.13-19.10.57:348][  0]LogAudioMixer: Display: 0: FrontLeft
[2022.02.13-19.10.57:348][  0]LogAudioMixer: Display: 1: FrontRight
[2022.02.13-19.10.57:376][  0]LogAudioMixer: Display: Using Audio Device DELL SE2716H (NVIDIA High Definition Audio)
[2022.02.13-19.10.57:378][  0]LogAudioMixer: Display: Initializing Sound Submixes...
[2022.02.13-19.10.57:380][  0]LogAudioMixer: Display: Creating Master Submix 'MasterSubmixDefault'
[2022.02.13-19.10.57:380][  0]LogAudioMixer: Display: Creating Master Submix 'MasterReverbSubmixDefault'
[2022.02.13-19.10.57:381][  0]LogAudioMixer: Display: Creating Master Submix 'MasterEQSubmixDefault'
[2022.02.13-19.10.57:381][  0]LogAudioMixer: FMixerPlatformXAudio2::StartAudioStream() called
[2022.02.13-19.10.57:381][  0]LogAudioMixer: Display: Output buffers initialized: Frames=1024, Channels=2, Samples=2048
[2022.02.13-19.10.57:382][  0]LogAudioMixer: Display: Starting AudioMixerPlatformInterface::RunInternal()
[2022.02.13-19.10.57:382][  0]LogAudioMixer: Display: FMixerPlatformXAudio2::SubmitBuffer() called for the first time
[2022.02.13-19.10.57:382][  0]LogInit: FAudioDevice initialized.
[2022.02.13-19.10.57:382][  0]LogAudio: Display: Audio Device (ID: 1) registered with world 'Untitled'.
[2022.02.13-19.10.57:382][  0]LogNetVersion: Set ProjectVersion to 1.0.0.0. Version Checksum will be recalculated on next use.
[2022.02.13-19.10.57:469][  0]LogDerivedDataCache: Saved boot cache 0.09s 94MB C:/Users/User/AppData/Local/UnrealEngine/4.27/DerivedDataCache/Boot.ddc.
[2022.02.13-19.10.57:469][  0]LogInit: Texture streaming: Enabled
[2022.02.13-19.10.57:484][  0]LogAnalytics: Display: [UEEditor.Rocket.Release] APIServer = https://datarouter.ol.epicgames.com/. AppVersion = 4.27.2-18319896+++UE4+Release-4.27
[2022.02.13-19.10.57:489][  0]LogEngineSessionManager: EngineSessionManager initialized
[2022.02.13-19.10.57:489][  0]LogEditorSessionSummary: Verbose: Initializing EditorSessionSummaryWriter for editor session tracking
[2022.02.13-19.10.57:491][  0]LogEditorSessionSummary: EditorSessionSummaryWriter initialized
[2022.02.13-19.10.57:556][  0]LogInit: Transaction tracking system initialized
[2022.02.13-19.10.57:581][  0]BlueprintLog: New page: Editor Load
[2022.02.13-19.10.57:656][  0]LocalizationService: Localization service is disabled
[2022.02.13-19.10.57:692][  0]TimingProfiler: Initialize
[2022.02.13-19.10.57:692][  0]TimingProfiler: OnSessionChanged
[2022.02.13-19.10.57:692][  0]LoadingProfiler: Initialize
[2022.02.13-19.10.57:692][  0]LoadingProfiler: OnSessionChanged
[2022.02.13-19.10.57:692][  0]NetworkingProfiler: Initialize
[2022.02.13-19.10.57:692][  0]NetworkingProfiler: OnSessionChanged
[2022.02.13-19.10.57:692][  0]MemoryProfiler: Initialize
[2022.02.13-19.10.57:692][  0]MemoryProfiler: OnSessionChanged
[2022.02.13-19.10.57:929][  0]LogCook: Display: CookSettings for Memory: MemoryMaxUsedVirtual 0MiB, MemoryMaxUsedPhysical 16384MiB, MemoryMinFreeVirtual 0MiB, MemoryMinFreePhysical 1024MiB
[2022.02.13-19.10.57:929][  0]LogCook: Display: Mobile HDR setting 1
[2022.02.13-19.10.58:113][  0]LogFileCache: Scanning file cache for directory 'D:/GameDev/Unreal Projects/InfiniteMatrixStarter/Content/' took 0.01s
[2022.02.13-19.10.58:311][  0]LogInit: Display: Engine is initialized. Leaving FEngineLoop::Init()
[2022.02.13-19.10.58:314][  0]SourceControl: Source control is disabled
[2022.02.13-19.10.58:314][  0]LogUnrealEdMisc: Loading editor; pre map load, took 7.315
[2022.02.13-19.10.58:314][  0]Cmd: MAP LOAD FILE="../../../../Unreal Projects/InfiniteMatrixStarter/Content/InfiniteMatrix/Maps/TutorialMap.umap" TEMPLATE=0 SHOWPROGRESS=1 FEATURELEVEL=3
[2022.02.13-19.10.58:324][  0]LightingResults: New page: Lighting Build
[2022.02.13-19.10.58:325][  0]LogWorld: UWorld::CleanupWorld for Untitled, bSessionEnded=true, bCleanupResources=true
[2022.02.13-19.10.58:325][  0]LogSlate: InvalidateAllWidgets triggered.  All widgets were invalidated
[2022.02.13-19.10.58:326][  0]MapCheck: New page: Map Check
[2022.02.13-19.10.58:326][  0]LightingResults: New page: Lighting Build
[2022.02.13-19.10.58:330][  0]LogAudio: Display: Audio Device unregistered from world 'None'.
[2022.02.13-19.10.58:333][  0]LogUObjectHash: Compacting FUObjectHashTables data took   0.78ms
[2022.02.13-19.10.58:530][  0]LogAudio: Display: Audio Device (ID: 1) registered with world 'TutorialMap'.
[2022.02.13-19.10.58:530][  0]LogAIModule: Creating AISystem for world TutorialMap
[2022.02.13-19.10.58:533][  0]LogEditorServer: Finished looking for orphan Actors (0.000 secs)
[2022.02.13-19.10.58:539][  0]LogUObjectHash: Compacting FUObjectHashTables data took   0.83ms
[2022.02.13-19.10.58:540][  0]Cmd: MAP CHECKDEP NOCLEARLOG
[2022.02.13-19.10.58:540][  0]MapCheck: Map check complete: 0 Error(s), 0 Warning(s), took 0.113ms to complete.
[2022.02.13-19.10.58:540][  0]LogFileHelpers: Loading map 'TutorialMap' took 0.226
[2022.02.13-19.10.58:541][  0]LogUnrealEdMisc: Total Editor Startup Time, took 7.542
[2022.02.13-19.10.58:721][  0]LogSlate: Updating window title bar state: overlay mode, drag disabled, window buttons hidden, title bar hidden
[2022.02.13-19.10.58:728][  0]LogSlate: Updating window title bar state: overlay mode, drag disabled, window buttons hidden, title bar hidden
[2022.02.13-19.10.58:734][  0]LogSlate: Updating window title bar state: overlay mode, drag disabled, window buttons hidden, title bar hidden
[2022.02.13-19.10.58:740][  0]LogSlate: Updating window title bar state: overlay mode, drag disabled, window buttons hidden, title bar hidden
[2022.02.13-19.10.58:766][  0]LogNativeClassHierarchy: Verbose: Native class hierarchy populated in 0.0089 seconds. Added 3822 classes and 928 folders.
[2022.02.13-19.10.58:772][  0]LogNativeClassHierarchy: Verbose: Native class hierarchy updated for 'WidgetCarousel' in 0.0003 seconds. Added 0 classes and 0 folders.
[2022.02.13-19.10.58:788][  0]LogPakFile: PakFile PrimaryIndexSize=191
[2022.02.13-19.10.58:788][  0]LogPakFile: PakFile PathHashIndexSize=101
[2022.02.13-19.10.58:788][  0]LogPakFile: PakFile FullDirectoryIndexSize=160
[2022.02.13-19.10.58:789][  0]LogShaderLibrary: Display: ShaderCodeLibraryPakFileMountedCallback: PakFile 'D:/GameDev/UE_4.27/FeaturePacks/MobileStarterContent.upack' (chunk index -1, root 'root:/') mounted
[2022.02.13-19.10.58:789][  0]LogShaderLibrary: Display: ShaderCodeLibraryPakFileMountedCallback: pending pak file info (ChunkID:-1 Root:root:/ File:D:/GameDev/UE_4.27/FeaturePacks/MobileStarterContent.upack)
[2022.02.13-19.10.58:789][  0]LogPakFile: OnPakFileMounted2Time == 0.000072
[2022.02.13-19.10.58:796][  0]LogPakFile: PakFile PrimaryIndexSize=185
[2022.02.13-19.10.58:796][  0]LogPakFile: PakFile PathHashIndexSize=101
[2022.02.13-19.10.58:796][  0]LogPakFile: PakFile FullDirectoryIndexSize=148
[2022.02.13-19.10.58:796][  0]LogShaderLibrary: Display: ShaderCodeLibraryPakFileMountedCallback: PakFile 'D:/GameDev/UE_4.27/FeaturePacks/StarterContent.upack' (chunk index -1, root 'root:/') mounted
[2022.02.13-19.10.58:796][  0]LogShaderLibrary: Display: ShaderCodeLibraryPakFileMountedCallback: pending pak file info (ChunkID:-1 Root:root:/ File:D:/GameDev/UE_4.27/FeaturePacks/StarterContent.upack)
[2022.02.13-19.10.58:796][  0]LogPakFile: OnPakFileMounted2Time == 0.000055
[2022.02.13-19.10.58:807][  0]LogPakFile: PakFile PrimaryIndexSize=187
[2022.02.13-19.10.58:807][  0]LogPakFile: PakFile PathHashIndexSize=101
[2022.02.13-19.10.58:807][  0]LogPakFile: PakFile FullDirectoryIndexSize=148
[2022.02.13-19.10.58:807][  0]LogShaderLibrary: Display: ShaderCodeLibraryPakFileMountedCallback: PakFile 'D:/GameDev/UE_4.27/FeaturePacks/FP_FirstPerson.upack' (chunk index -1, root 'root:/') mounted
[2022.02.13-19.10.58:807][  0]LogShaderLibrary: Display: ShaderCodeLibraryPakFileMountedCallback: pending pak file info (ChunkID:-1 Root:root:/ File:D:/GameDev/UE_4.27/FeaturePacks/FP_FirstPerson.upack)
[2022.02.13-19.10.58:807][  0]LogPakFile: OnPakFileMounted2Time == 0.000043
[2022.02.13-19.10.58:817][  0]LogPakFile: PakFile PrimaryIndexSize=189
[2022.02.13-19.10.58:817][  0]LogPakFile: PakFile PathHashIndexSize=101
[2022.02.13-19.10.58:817][  0]LogPakFile: PakFile FullDirectoryIndexSize=152
[2022.02.13-19.10.58:817][  0]LogShaderLibrary: Display: ShaderCodeLibraryPakFileMountedCallback: PakFile 'D:/GameDev/UE_4.27/FeaturePacks/FP_FirstPersonBP.upack' (chunk index -1, root 'root:/') mounted
[2022.02.13-19.10.58:817][  0]LogShaderLibrary: Display: ShaderCodeLibraryPakFileMountedCallback: pending pak file info (ChunkID:-1 Root:root:/ File:D:/GameDev/UE_4.27/FeaturePacks/FP_FirstPersonBP.upack)
[2022.02.13-19.10.58:817][  0]LogPakFile: OnPakFileMounted2Time == 0.000044
[2022.02.13-19.10.58:825][  0]LogPakFile: PakFile PrimaryIndexSize=190
[2022.02.13-19.10.58:825][  0]LogPakFile: PakFile PathHashIndexSize=101
[2022.02.13-19.10.58:825][  0]LogPakFile: PakFile FullDirectoryIndexSize=154
[2022.02.13-19.10.58:825][  0]LogShaderLibrary: Display: ShaderCodeLibraryPakFileMountedCallback: PakFile 'D:/GameDev/UE_4.27/FeaturePacks/TP_2DSideScroller.upack' (chunk index -1, root 'root:/') mounted
[2022.02.13-19.10.58:825][  0]LogShaderLibrary: Display: ShaderCodeLibraryPakFileMountedCallback: pending pak file info (ChunkID:-1 Root:root:/ File:D:/GameDev/UE_4.27/FeaturePacks/TP_2DSideScroller.upack)
[2022.02.13-19.10.58:825][  0]LogPakFile: OnPakFileMounted2Time == 0.000040
[2022.02.13-19.10.58:832][  0]LogPakFile: PakFile PrimaryIndexSize=192
[2022.02.13-19.10.58:832][  0]LogPakFile: PakFile PathHashIndexSize=101
[2022.02.13-19.10.58:832][  0]LogPakFile: PakFile FullDirectoryIndexSize=158
[2022.02.13-19.10.58:832][  0]LogShaderLibrary: Display: ShaderCodeLibraryPakFileMountedCallback: PakFile 'D:/GameDev/UE_4.27/FeaturePacks/TP_2DSideScrollerBP.upack' (chunk index -1, root 'root:/') mounted
[2022.02.13-19.10.58:832][  0]LogShaderLibrary: Display: ShaderCodeLibraryPakFileMountedCallback: pending pak file info (ChunkID:-1 Root:root:/ File:D:/GameDev/UE_4.27/FeaturePacks/TP_2DSideScrollerBP.upack)
[2022.02.13-19.10.58:832][  0]LogPakFile: OnPakFileMounted2Time == 0.000042
[2022.02.13-19.10.58:840][  0]LogPakFile: PakFile PrimaryIndexSize=182
[2022.02.13-19.10.58:840][  0]LogPakFile: PakFile PathHashIndexSize=101
[2022.02.13-19.10.58:840][  0]LogPakFile: PakFile FullDirectoryIndexSize=138
[2022.02.13-19.10.58:840][  0]LogShaderLibrary: Display: ShaderCodeLibraryPakFileMountedCallback: PakFile 'D:/GameDev/UE_4.27/FeaturePacks/TP_Flying.upack' (chunk index -1, root 'root:/') mounted
[2022.02.13-19.10.58:840][  0]LogShaderLibrary: Display: ShaderCodeLibraryPakFileMountedCallback: pending pak file info (ChunkID:-1 Root:root:/ File:D:/GameDev/UE_4.27/FeaturePacks/TP_Flying.upack)
[2022.02.13-19.10.58:840][  0]LogPakFile: OnPakFileMounted2Time == 0.000043
[2022.02.13-19.10.58:849][  0]LogPakFile: PakFile PrimaryIndexSize=184
[2022.02.13-19.10.58:849][  0]LogPakFile: PakFile PathHashIndexSize=101
[2022.02.13-19.10.58:849][  0]LogPakFile: PakFile FullDirectoryIndexSize=142
[2022.02.13-19.10.58:849][  0]LogShaderLibrary: Display: ShaderCodeLibraryPakFileMountedCallback: PakFile 'D:/GameDev/UE_4.27/FeaturePacks/TP_FlyingBP.upack' (chunk index -1, root 'root:/') mounted
[2022.02.13-19.10.58:849][  0]LogShaderLibrary: Display: ShaderCodeLibraryPakFileMountedCallback: pending pak file info (ChunkID:-1 Root:root:/ File:D:/GameDev/UE_4.27/FeaturePacks/TP_FlyingBP.upack)
[2022.02.13-19.10.58:849][  0]LogPakFile: OnPakFileMounted2Time == 0.000040
[2022.02.13-19.10.58:857][  0]LogPakFile: PakFile PrimaryIndexSize=188
[2022.02.13-19.10.58:857][  0]LogPakFile: PakFile PathHashIndexSize=101
[2022.02.13-19.10.58:857][  0]LogPakFile: PakFile FullDirectoryIndexSize=150
[2022.02.13-19.10.58:857][  0]LogShaderLibrary: Display: ShaderCodeLibraryPakFileMountedCallback: PakFile 'D:/GameDev/UE_4.27/FeaturePacks/TP_HandheldARBP.upack' (chunk index -1, root 'root:/') mounted
[2022.02.13-19.10.58:857][  0]LogShaderLibrary: Display: ShaderCodeLibraryPakFileMountedCallback: pending pak file info (ChunkID:-1 Root:root:/ File:D:/GameDev/UE_4.27/FeaturePacks/TP_HandheldARBP.upack)
[2022.02.13-19.10.58:857][  0]LogPakFile: OnPakFileMounted2Time == 0.000051
[2022.02.13-19.10.58:868][  0]LogPakFile: PakFile PrimaryIndexSize=182
[2022.02.13-19.10.58:868][  0]LogPakFile: PakFile PathHashIndexSize=101
[2022.02.13-19.10.58:868][  0]LogPakFile: PakFile FullDirectoryIndexSize=138
[2022.02.13-19.10.58:868][  0]LogShaderLibrary: Display: ShaderCodeLibraryPakFileMountedCallback: PakFile 'D:/GameDev/UE_4.27/FeaturePacks/TP_Puzzle.upack' (chunk index -1, root 'root:/') mounted
[2022.02.13-19.10.58:868][  0]LogShaderLibrary: Display: ShaderCodeLibraryPakFileMountedCallback: pending pak file info (ChunkID:-1 Root:root:/ File:D:/GameDev/UE_4.27/FeaturePacks/TP_Puzzle.upack)
[2022.02.13-19.10.58:868][  0]LogPakFile: OnPakFileMounted2Time == 0.000044
[2022.02.13-19.10.58:875][  0]LogPakFile: PakFile PrimaryIndexSize=184
[2022.02.13-19.10.58:875][  0]LogPakFile: PakFile PathHashIndexSize=101
[2022.02.13-19.10.58:875][  0]LogPakFile: PakFile FullDirectoryIndexSize=142
[2022.02.13-19.10.58:875][  0]LogShaderLibrary: Display: ShaderCodeLibraryPakFileMountedCallback: PakFile 'D:/GameDev/UE_4.27/FeaturePacks/TP_PuzzleBP.upack' (chunk index -1, root 'root:/') mounted
[2022.02.13-19.10.58:875][  0]LogShaderLibrary: Display: ShaderCodeLibraryPakFileMountedCallback: pending pak file info (ChunkID:-1 Root:root:/ File:D:/GameDev/UE_4.27/FeaturePacks/TP_PuzzleBP.upack)
[2022.02.13-19.10.58:875][  0]LogPakFile: OnPakFileMounted2Time == 0.000043
[2022.02.13-19.10.58:884][  0]LogPakFile: PakFile PrimaryIndexSize=183
[2022.02.13-19.10.58:884][  0]LogPakFile: PakFile PathHashIndexSize=101
[2022.02.13-19.10.58:884][  0]LogPakFile: PakFile FullDirectoryIndexSize=140
[2022.02.13-19.10.58:884][  0]LogShaderLibrary: Display: ShaderCodeLibraryPakFileMountedCallback: PakFile 'D:/GameDev/UE_4.27/FeaturePacks/TP_Rolling.upack' (chunk index -1, root 'root:/') mounted
[2022.02.13-19.10.58:884][  0]LogShaderLibrary: Display: ShaderCodeLibraryPakFileMountedCallback: pending pak file info (ChunkID:-1 Root:root:/ File:D:/GameDev/UE_4.27/FeaturePacks/TP_Rolling.upack)
[2022.02.13-19.10.58:884][  0]LogPakFile: OnPakFileMounted2Time == 0.000044
[2022.02.13-19.10.58:892][  0]LogPakFile: PakFile PrimaryIndexSize=185
[2022.02.13-19.10.58:892][  0]LogPakFile: PakFile PathHashIndexSize=101
[2022.02.13-19.10.58:892][  0]LogPakFile: PakFile FullDirectoryIndexSize=144
[2022.02.13-19.10.58:892][  0]LogShaderLibrary: Display: ShaderCodeLibraryPakFileMountedCallback: PakFile 'D:/GameDev/UE_4.27/FeaturePacks/TP_RollingBP.upack' (chunk index -1, root 'root:/') mounted
[2022.02.13-19.10.58:892][  0]LogShaderLibrary: Display: ShaderCodeLibraryPakFileMountedCallback: pending pak file info (ChunkID:-1 Root:root:/ File:D:/GameDev/UE_4.27/FeaturePacks/TP_RollingBP.upack)
[2022.02.13-19.10.58:892][  0]LogPakFile: OnPakFileMounted2Time == 0.000043
[2022.02.13-19.10.58:899][  0]LogPakFile: PakFile PrimaryIndexSize=188
[2022.02.13-19.10.58:899][  0]LogPakFile: PakFile PathHashIndexSize=101
[2022.02.13-19.10.58:899][  0]LogPakFile: PakFile FullDirectoryIndexSize=150
[2022.02.13-19.10.58:899][  0]LogShaderLibrary: Display: ShaderCodeLibraryPakFileMountedCallback: PakFile 'D:/GameDev/UE_4.27/FeaturePacks/TP_SideScroller.upack' (chunk index -1, root 'root:/') mounted
[2022.02.13-19.10.58:899][  0]LogShaderLibrary: Display: ShaderCodeLibraryPakFileMountedCallback: pending pak file info (ChunkID:-1 Root:root:/ File:D:/GameDev/UE_4.27/FeaturePacks/TP_SideScroller.upack)
[2022.02.13-19.10.58:899][  0]LogPakFile: OnPakFileMounted2Time == 0.000039
[2022.02.13-19.10.58:907][  0]LogPakFile: PakFile PrimaryIndexSize=190
[2022.02.13-19.10.58:907][  0]LogPakFile: PakFile PathHashIndexSize=101
[2022.02.13-19.10.58:907][  0]LogPakFile: PakFile FullDirectoryIndexSize=154
[2022.02.13-19.10.58:907][  0]LogShaderLibrary: Display: ShaderCodeLibraryPakFileMountedCallback: PakFile 'D:/GameDev/UE_4.27/FeaturePacks/TP_SideScrollerBP.upack' (chunk index -1, root 'root:/') mounted
[2022.02.13-19.10.58:907][  0]LogShaderLibrary: Display: ShaderCodeLibraryPakFileMountedCallback: pending pak file info (ChunkID:-1 Root:root:/ File:D:/GameDev/UE_4.27/FeaturePacks/TP_SideScrollerBP.upack)
[2022.02.13-19.10.58:907][  0]LogPakFile: OnPakFileMounted2Time == 0.000049
[2022.02.13-19.10.58:916][  0]LogPakFile: PakFile PrimaryIndexSize=187
[2022.02.13-19.10.58:916][  0]LogPakFile: PakFile PathHashIndexSize=101
[2022.02.13-19.10.58:916][  0]LogPakFile: PakFile FullDirectoryIndexSize=148
[2022.02.13-19.10.58:916][  0]LogShaderLibrary: Display: ShaderCodeLibraryPakFileMountedCallback: PakFile 'D:/GameDev/UE_4.27/FeaturePacks/TP_ThirdPerson.upack' (chunk index -1, root 'root:/') mounted
[2022.02.13-19.10.58:916][  0]LogShaderLibrary: Display: ShaderCodeLibraryPakFileMountedCallback: pending pak file info (ChunkID:-1 Root:root:/ File:D:/GameDev/UE_4.27/FeaturePacks/TP_ThirdPerson.upack)
[2022.02.13-19.10.58:916][  0]LogPakFile: OnPakFileMounted2Time == 0.000042
[2022.02.13-19.10.58:923][  0]LogPakFile: PakFile PrimaryIndexSize=189
[2022.02.13-19.10.58:924][  0]LogPakFile: PakFile PathHashIndexSize=101
[2022.02.13-19.10.58:924][  0]LogPakFile: PakFile FullDirectoryIndexSize=152
[2022.02.13-19.10.58:924][  0]LogShaderLibrary: Display: ShaderCodeLibraryPakFileMountedCallback: PakFile 'D:/GameDev/UE_4.27/FeaturePacks/TP_ThirdPersonBP.upack' (chunk index -1, root 'root:/') mounted
[2022.02.13-19.10.58:924][  0]LogShaderLibrary: Display: ShaderCodeLibraryPakFileMountedCallback: pending pak file info (ChunkID:-1 Root:root:/ File:D:/GameDev/UE_4.27/FeaturePacks/TP_ThirdPersonBP.upack)
[2022.02.13-19.10.58:924][  0]LogPakFile: OnPakFileMounted2Time == 0.000043
[2022.02.13-19.10.58:931][  0]LogPakFile: PakFile PrimaryIndexSize=183
[2022.02.13-19.10.58:931][  0]LogPakFile: PakFile PathHashIndexSize=101
[2022.02.13-19.10.58:932][  0]LogPakFile: PakFile FullDirectoryIndexSize=140
[2022.02.13-19.10.58:932][  0]LogShaderLibrary: Display: ShaderCodeLibraryPakFileMountedCallback: PakFile 'D:/GameDev/UE_4.27/FeaturePacks/TP_TopDown.upack' (chunk index -1, root 'root:/') mounted
[2022.02.13-19.10.58:932][  0]LogShaderLibrary: Display: ShaderCodeLibraryPakFileMountedCallback: pending pak file info (ChunkID:-1 Root:root:/ File:D:/GameDev/UE_4.27/FeaturePacks/TP_TopDown.upack)
[2022.02.13-19.10.58:932][  0]LogPakFile: OnPakFileMounted2Time == 0.000047
[2022.02.13-19.10.58:939][  0]LogPakFile: PakFile PrimaryIndexSize=185
[2022.02.13-19.10.58:940][  0]LogPakFile: PakFile PathHashIndexSize=101
[2022.02.13-19.10.58:940][  0]LogPakFile: PakFile FullDirectoryIndexSize=144
[2022.02.13-19.10.58:940][  0]LogShaderLibrary: Display: ShaderCodeLibraryPakFileMountedCallback: PakFile 'D:/GameDev/UE_4.27/FeaturePacks/TP_TopDownBP.upack' (chunk index -1, root 'root:/') mounted
[2022.02.13-19.10.58:940][  0]LogShaderLibrary: Display: ShaderCodeLibraryPakFileMountedCallback: pending pak file info (ChunkID:-1 Root:root:/ File:D:/GameDev/UE_4.27/FeaturePacks/TP_TopDownBP.upack)
[2022.02.13-19.10.58:940][  0]LogPakFile: OnPakFileMounted2Time == 0.000043
[2022.02.13-19.10.58:951][  0]LogPakFile: PakFile PrimaryIndexSize=185
[2022.02.13-19.10.58:951][  0]LogPakFile: PakFile PathHashIndexSize=101
[2022.02.13-19.10.58:951][  0]LogPakFile: PakFile FullDirectoryIndexSize=144
[2022.02.13-19.10.58:951][  0]LogShaderLibrary: Display: ShaderCodeLibraryPakFileMountedCallback: PakFile 'D:/GameDev/UE_4.27/FeaturePacks/TP_TwinStick.upack' (chunk index -1, root 'root:/') mounted
[2022.02.13-19.10.58:951][  0]LogShaderLibrary: Display: ShaderCodeLibraryPakFileMountedCallback: pending pak file info (ChunkID:-1 Root:root:/ File:D:/GameDev/UE_4.27/FeaturePacks/TP_TwinStick.upack)
[2022.02.13-19.10.58:951][  0]LogPakFile: OnPakFileMounted2Time == 0.000041
[2022.02.13-19.10.58:959][  0]LogPakFile: PakFile PrimaryIndexSize=187
[2022.02.13-19.10.58:959][  0]LogPakFile: PakFile PathHashIndexSize=101
[2022.02.13-19.10.58:959][  0]LogPakFile: PakFile FullDirectoryIndexSize=148
[2022.02.13-19.10.58:959][  0]LogShaderLibrary: Display: ShaderCodeLibraryPakFileMountedCallback: PakFile 'D:/GameDev/UE_4.27/FeaturePacks/TP_TwinStickBP.upack' (chunk index -1, root 'root:/') mounted
[2022.02.13-19.10.58:959][  0]LogShaderLibrary: Display: ShaderCodeLibraryPakFileMountedCallback: pending pak file info (ChunkID:-1 Root:root:/ File:D:/GameDev/UE_4.27/FeaturePacks/TP_TwinStickBP.upack)
[2022.02.13-19.10.58:959][  0]LogPakFile: OnPakFileMounted2Time == 0.000059
[2022.02.13-19.10.58:967][  0]LogPakFile: PakFile PrimaryIndexSize=183
[2022.02.13-19.10.58:967][  0]LogPakFile: PakFile PathHashIndexSize=101
[2022.02.13-19.10.58:967][  0]LogPakFile: PakFile FullDirectoryIndexSize=140
[2022.02.13-19.10.58:967][  0]LogShaderLibrary: Display: ShaderCodeLibraryPakFileMountedCallback: PakFile 'D:/GameDev/UE_4.27/FeaturePacks/TP_Vehicle.upack' (chunk index -1, root 'root:/') mounted
[2022.02.13-19.10.58:967][  0]LogShaderLibrary: Display: ShaderCodeLibraryPakFileMountedCallback: pending pak file info (ChunkID:-1 Root:root:/ File:D:/GameDev/UE_4.27/FeaturePacks/TP_Vehicle.upack)
[2022.02.13-19.10.58:967][  0]LogPakFile: OnPakFileMounted2Time == 0.000047
[2022.02.13-19.10.58:975][  0]LogPakFile: PakFile PrimaryIndexSize=186
[2022.02.13-19.10.58:975][  0]LogPakFile: PakFile PathHashIndexSize=101
[2022.02.13-19.10.58:975][  0]LogPakFile: PakFile FullDirectoryIndexSize=146
[2022.02.13-19.10.58:975][  0]LogShaderLibrary: Display: ShaderCodeLibraryPakFileMountedCallback: PakFile 'D:/GameDev/UE_4.27/FeaturePacks/TP_VehicleAdv.upack' (chunk index -1, root 'root:/') mounted
[2022.02.13-19.10.58:975][  0]LogShaderLibrary: Display: ShaderCodeLibraryPakFileMountedCallback: pending pak file info (ChunkID:-1 Root:root:/ File:D:/GameDev/UE_4.27/FeaturePacks/TP_VehicleAdv.upack)
[2022.02.13-19.10.58:975][  0]LogPakFile: OnPakFileMounted2Time == 0.000047
[2022.02.13-19.10.58:983][  0]LogPakFile: PakFile PrimaryIndexSize=188
[2022.02.13-19.10.58:983][  0]LogPakFile: PakFile PathHashIndexSize=101
[2022.02.13-19.10.58:983][  0]LogPakFile: PakFile FullDirectoryIndexSize=150
[2022.02.13-19.10.58:983][  0]LogShaderLibrary: Display: ShaderCodeLibraryPakFileMountedCallback: PakFile 'D:/GameDev/UE_4.27/FeaturePacks/TP_VehicleAdvBP.upack' (chunk index -1, root 'root:/') mounted
[2022.02.13-19.10.58:983][  0]LogShaderLibrary: Display: ShaderCodeLibraryPakFileMountedCallback: pending pak file info (ChunkID:-1 Root:root:/ File:D:/GameDev/UE_4.27/FeaturePacks/TP_VehicleAdvBP.upack)
[2022.02.13-19.10.58:983][  0]LogPakFile: OnPakFileMounted2Time == 0.000039
[2022.02.13-19.10.58:991][  0]LogPakFile: PakFile PrimaryIndexSize=185
[2022.02.13-19.10.58:991][  0]LogPakFile: PakFile PathHashIndexSize=101
[2022.02.13-19.10.58:991][  0]LogPakFile: PakFile FullDirectoryIndexSize=144
[2022.02.13-19.10.58:991][  0]LogShaderLibrary: Display: ShaderCodeLibraryPakFileMountedCallback: PakFile 'D:/GameDev/UE_4.27/FeaturePacks/TP_VehicleBP.upack' (chunk index -1, root 'root:/') mounted
[2022.02.13-19.10.58:991][  0]LogShaderLibrary: Display: ShaderCodeLibraryPakFileMountedCallback: pending pak file info (ChunkID:-1 Root:root:/ File:D:/GameDev/UE_4.27/FeaturePacks/TP_VehicleBP.upack)
[2022.02.13-19.10.58:991][  0]LogPakFile: OnPakFileMounted2Time == 0.000041
[2022.02.13-19.10.58:999][  0]LogPakFile: PakFile PrimaryIndexSize=192
[2022.02.13-19.10.58:999][  0]LogPakFile: PakFile PathHashIndexSize=101
[2022.02.13-19.10.58:999][  0]LogPakFile: PakFile FullDirectoryIndexSize=158
[2022.02.13-19.10.58:999][  0]LogShaderLibrary: Display: ShaderCodeLibraryPakFileMountedCallback: PakFile 'D:/GameDev/UE_4.27/FeaturePacks/TP_VirtualRealityBP.upack' (chunk index -1, root 'root:/') mounted
[2022.02.13-19.10.58:999][  0]LogShaderLibrary: Display: ShaderCodeLibraryPakFileMountedCallback: pending pak file info (ChunkID:-1 Root:root:/ File:D:/GameDev/UE_4.27/FeaturePacks/TP_VirtualRealityBP.upack)
[2022.02.13-19.10.58:999][  0]LogPakFile: OnPakFileMounted2Time == 0.000040
[2022.02.13-19.10.59:544][  0]LogNativeClassHierarchy: Verbose: Native class hierarchy updated for 'AddContentDialog' in 0.0003 seconds. Added 0 classes and 0 folders.
[2022.02.13-19.10.59:546][  0]LogNativeClassHierarchy: Verbose: Native class hierarchy updated for 'SceneOutliner' in 0.0002 seconds. Added 2 classes and 0 folders.
[2022.02.13-19.10.59:600][  0]LogSlate: Took 0.000150 seconds to synchronously load lazily loaded font '../../../Engine/Content/Slate/Fonts/Roboto-Regular.ttf' (155K)
[2022.02.13-19.10.59:610][  0]LogSlate: Took 0.008402 seconds to synchronously load lazily loaded font '../../../Engine/Content/Editor/Slate/Fonts/FontAwesome.ttf' (139K)
[2022.02.13-19.10.59:611][  0]LogSlate: Took 0.000099 seconds to synchronously load lazily loaded font '../../../Engine/Content/Slate/Fonts/Roboto-Bold.ttf' (160K)
[2022.02.13-19.10.59:780][  0]LogRenderer: Reallocating scene render targets to support 1208x612 Format 10 NumSamples 1 (Frame:1).
[2022.02.13-19.10.59:855][  0]LogNativeClassHierarchy: Verbose: Native class hierarchy updated for 'HierarchicalLODOutliner' in 0.0003 seconds. Added 0 classes and 0 folders.
[2022.02.13-19.10.59:855][  0]LogLoad: (Engine Initialization) Total time: 8.86 seconds
[2022.02.13-19.10.59:855][  0]LogLoad: (Engine Initialization) Total Blueprint compile time: 0.00 seconds
[2022.02.13-19.10.59:903][  0]LogAssetRegistry: Asset discovery search completed in 5.2717 seconds
[2022.02.13-19.10.59:909][  0]LogCollectionManager: Fixed up redirectors for 0 collections in 0.000004 seconds (updated 0 objects)
[2022.02.13-19.10.59:910][  0]LogContentStreaming: Texture pool size now 1000 MB
[2022.02.13-19.11.00:046][  3]LogSlate: Took 0.007492 seconds to synchronously load lazily loaded font '../../../Engine/Content/Slate/Fonts/Roboto-Light.ttf' (167K)
[2022.02.13-19.11.00:891][ 50]LogSlate: Took 0.000125 seconds to synchronously load lazily loaded font '../../../Engine/Content/Slate/Fonts/Roboto-Light.ttf' (167K)
[2022.02.13-19.11.05:993][336]LogAssetEditorSubsystem: Opening Asset editor for Blueprint /Game/InfiniteMatrix/Blueprints/BP_Player.BP_Player
[2022.02.13-19.11.06:903][336]LogNativeClassHierarchy: Verbose: Native class hierarchy updated for 'BlueprintGraph' in 0.0005 seconds. Added 126 classes and 0 folders.
[2022.02.13-19.11.07:798][336]LogSlate: Took 0.000130 seconds to synchronously load lazily loaded font '../../../Engine/Content/Slate/Fonts/Roboto-BoldCondensed.ttf' (158K)
[2022.02.13-19.11.07:909][337]LogSlate: Took 0.006554 seconds to synchronously load lazily loaded font '../../../Engine/Content/Slate/Fonts/Roboto-Italic.ttf' (157K)
[2022.02.13-19.11.19:911][ 47]LogAssetEditorSubsystem: Opening Asset editor for Blueprint /Game/InfiniteMatrix/Blueprints/BP_Tunnel.BP_Tunnel
[2022.02.13-19.11.37:058][957]LogSlate: Window 'BP_Tunnel' being destroyed
[2022.02.13-19.49.46:840][ 87]LogSlate: Window 'Delete Variable' being destroyed
[2022.02.13-19.51.01:906][527]LogSelectionDetails: Warning: NavigateToFunctionSource:  Unable to find symbols for 'UWidget::RemoveFromParent' [The specified module could not be found.]
[2022.02.13-19.51.37:214][598]BlueprintLog: New page: Compile BP_Player
[2022.02.13-19.51.37:225][598]LogScript: Warning: Accessed None trying to read property HUDWidget
	BP_Player_C /Engine/Transient.World_1:PersistentLevel.BP_Player_C_0
	Function /Game/InfiniteMatrix/Blueprints/BP_Player.BP_Player_C:UserConstructionScript:0026
[2022.02.13-19.51.37:260][598]LogUObjectHash: Compacting FUObjectHashTables data took   2.40ms
[2022.02.13-19.51.37:263][598]LogScript: Warning: Accessed None trying to read property HUDWidget
	BP_Player_C /Engine/Transient.World_1:PersistentLevel.BP_Player_C_0
	Function /Game/InfiniteMatrix/Blueprints/BP_Player.BP_Player_C:UserConstructionScript:0026
[2022.02.13-19.51.37:273][598]LogScript: Warning: Accessed None trying to read property HUDWidget
	BP_Player_C /Engine/Transient.World_1:PersistentLevel.BP_Player_C_0
	Function /Game/InfiniteMatrix/Blueprints/BP_Player.BP_Player_C:UserConstructionScript:0026
[2022.02.13-19.51.37:313][598]LogSlate: Took 0.009945 seconds to synchronously load lazily loaded font '../../../Engine/Content/Slate/Fonts/DroidSansMono.ttf' (77K)
[2022.02.13-19.51.37:769][625]Cmd: OBJ SAVEPACKAGE PACKAGE="/Game/InfiniteMatrix/Blueprints/BP_Player" FILE="../../../../Unreal Projects/InfiniteMatrixStarter/Content/InfiniteMatrix/Blueprints/BP_Player.uasset" SILENT=true
[2022.02.13-19.51.37:933][625]LogSavePackage: Moving '../../../../Unreal Projects/InfiniteMatrixStarter/Saved/BP_Player3437A73947742A2896924EA18A96F9F7.tmp' to '../../../../Unreal Projects/InfiniteMatrixStarter/Content/InfiniteMatrix/Blueprints/BP_Player.uasset'
[2022.02.13-19.51.37:960][625]AssetCheck: New page: Asset Save: BP_Player
[2022.02.13-19.51.37:960][625]LogContentValidation: Display: Validating Blueprint /Game/InfiniteMatrix/Blueprints/BP_Player.BP_Player
[2022.02.13-19.51.39:047][688]LogTemp: Repeating last play command: New Editor Window (PIE)
[2022.02.13-19.51.39:063][688]LogPlayLevel: PlayLevel: No blueprints needed recompiling
[2022.02.13-19.51.39:064][688]PIE: New page: PIE session: TutorialMap (Feb 13, 2022, 7:51:39 AM)
[2022.02.13-19.51.39:065][688]LogOnline: OSS: Creating online subsystem instance for: NULL
[2022.02.13-19.51.39:066][688]LogOnline: OSS: TryLoadSubsystemAndSetDefault: Loaded subsystem for module [NULL]
[2022.02.13-19.51.39:066][688]LogPlayLevel: Creating play world package: /Game/InfiniteMatrix/Maps/UEDPIE_0_TutorialMap
[2022.02.13-19.51.39:067][688]LogPlayLevel: PIE: StaticDuplicateObject took: (0.001423s)
[2022.02.13-19.51.39:068][688]LogAIModule: Creating AISystem for world TutorialMap
[2022.02.13-19.51.39:068][688]LogPlayLevel: PIE: World Init took: (0.001040s)
[2022.02.13-19.51.39:068][688]LogPlayLevel: PIE: Created PIE world by copying editor world from /Game/InfiniteMatrix/Maps/TutorialMap.TutorialMap to /Game/InfiniteMatrix/Maps/UEDPIE_0_TutorialMap.TutorialMap (0.002573s)
[2022.02.13-19.51.39:091][688]LogUObjectHash: Compacting FUObjectHashTables data took   2.49ms
[2022.02.13-19.51.39:092][688]LogAudio: Display: Creating Audio Device:                 Id: 2, Scope: Unique, Realtime: True
[2022.02.13-19.51.39:092][688]LogAudioMixer: Display: Audio Mixer Platform Settings:
[2022.02.13-19.51.39:092][688]LogAudioMixer: Display: 	Sample Rate:						  48000
[2022.02.13-19.51.39:092][688]LogAudioMixer: Display: 	Callback Buffer Frame Size Requested: 1024
[2022.02.13-19.51.39:092][688]LogAudioMixer: Display: 	Callback Buffer Frame Size To Use:	  1024
[2022.02.13-19.51.39:092][688]LogAudioMixer: Display: 	Number of buffers to queue:			  2
[2022.02.13-19.51.39:092][688]LogAudioMixer: Display: 	Max Channels (voices):				  32
[2022.02.13-19.51.39:092][688]LogAudioMixer: Display: 	Number of Async Source Workers:		  0
[2022.02.13-19.51.39:092][688]LogAudio: Display: AudioDevice MaxSources: 32
[2022.02.13-19.51.39:092][688]LogAudio: Display: Audio Spatialization Plugin: None (built-in).
[2022.02.13-19.51.39:092][688]LogAudio: Display: Audio Reverb Plugin: None (built-in).
[2022.02.13-19.51.39:092][688]LogAudio: Display: Audio Occlusion Plugin: None (built-in).
[2022.02.13-19.51.39:092][688]LogAudioMixer: Display: Initializing audio mixer.
[2022.02.13-19.51.39:096][688]LogAudioMixer: Display: 0: FrontLeft
[2022.02.13-19.51.39:096][688]LogAudioMixer: Display: 1: FrontRight
[2022.02.13-19.51.39:107][688]LogAudioMixer: Display: Using Audio Device DELL SE2716H (NVIDIA High Definition Audio)
[2022.02.13-19.51.39:107][688]LogAudioMixer: Display: Initializing Sound Submixes...
[2022.02.13-19.51.39:107][688]LogAudioMixer: Display: Creating Master Submix 'MasterSubmixDefault'
[2022.02.13-19.51.39:107][688]LogAudioMixer: Display: Creating Master Submix 'MasterReverbSubmixDefault'
[2022.02.13-19.51.39:107][688]LogAudioMixer: Display: Creating Master Submix 'MasterEQSubmixDefault'
[2022.02.13-19.51.39:107][688]LogAudioMixer: FMixerPlatformXAudio2::StartAudioStream() called
[2022.02.13-19.51.39:108][688]LogAudioMixer: Display: Output buffers initialized: Frames=1024, Channels=2, Samples=2048
[2022.02.13-19.51.39:109][688]LogAudioMixer: Display: Starting AudioMixerPlatformInterface::RunInternal()
[2022.02.13-19.51.39:109][688]LogAudioMixer: Display: FMixerPlatformXAudio2::SubmitBuffer() called for the first time
[2022.02.13-19.51.39:109][688]LogInit: FAudioDevice initialized.
[2022.02.13-19.51.39:109][688]LogAudio: Display: Audio Device (ID: 2) registered with world 'TutorialMap'.
[2022.02.13-19.51.39:166][688]LogSlate: Updating window title bar state: overlay mode, drag disabled, window buttons hidden, title bar hidden
[2022.02.13-19.51.39:166][688]LogLoad: Game class is 'GM_Tutorial_C'
[2022.02.13-19.51.39:167][688]LogWorld: Bringing World /Game/InfiniteMatrix/Maps/UEDPIE_0_TutorialMap.TutorialMap up for play (max tick rate 60) at 2022.02.13-13.51.39
[2022.02.13-19.51.39:168][688]LogWorld: Bringing up level for play took: 0.000569
[2022.02.13-19.51.39:168][688]LogOnline: OSS: Creating online subsystem instance for: :Context_4
[2022.02.13-19.51.39:177][688]LogNativeClassHierarchy: Verbose: Native class hierarchy updated for 'MovieSceneCapture' in 0.0004 seconds. Added 20 classes and 0 folders.
[2022.02.13-19.51.39:178][688]LogScript: Warning: Accessed None trying to read property HUDWidget
	BP_Player_C /Game/InfiniteMatrix/Maps/UEDPIE_0_TutorialMap.TutorialMap:PersistentLevel.BP_Player_C_0
	Function /Game/InfiniteMatrix/Blueprints/BP_Player.BP_Player_C:UserConstructionScript:0026
[2022.02.13-19.51.39:178][688]PIE: Error: Blueprint Runtime Error: "Accessed None trying to read property HUDWidget". Blueprint:  BP_Player Function:  Construction Script Graph:  UserConstructionScript Node:  Add to Viewport
